#
# A fatal error has been detected by the Java Runtime Environment:
#
#  SIGSEGV (0xb) at pc=0x00007f9da4000078, pid=6236, tid=0x00007f9dc4cec700
#
# JRE version: Java(TM) SE Runtime Environment (8.0_92-b14) (build 1.8.0_92-b14)
# Java VM: Java HotSpot(TM) 64-Bit Server VM (25.92-b14 mixed mode linux-amd64 compressed oops)
# Problematic frame:
# C  0x00007f9da4000078
#
# Failed to write core dump. Core dumps have been disabled. To enable core dumping, try "ulimit -c unlimited" before starting Java again
#
# If you would like to submit a bug report, please visit:
#   http://bugreport.java.com/bugreport/crash.jsp
#

---------------  T H R E A D  ---------------

Current thread (0x00007f9ddc0c6800):  JavaThread "JDWP Transport Listener: dt_socket" daemon [_thread_in_vm, id=6257, stack(0x00007f9dc4bec000,0x00007f9dc4ced000)]

siginfo: si_signo: 11 (SIGSEGV), si_code: 2 (SEGV_ACCERR), si_addr: 0x00007f9da4000078

Registers:
RAX=0x00007f9da4000078, RBX=0x00007f9da4000088, RCX=0x00007f9de29892c0, RDX=0x00007f9de1f62220
RSP=0x00007f9dc4ceb848, RBP=0x00007f9dc4ceb860, RSI=0x00007f9ddc0c6800, RDI=0x00007f9da4000088
R8 =0x00007f9ddc0bf260, R9 =0x0000000000000000, R10=0x0000000000000001, R11=0x00007f9da40039b0
R12=0x0000000000000017, R13=0x00007f9da4000098, R14=0x00007f9ddc0c6800, R15=0x00007f9dc4ceb967
RIP=0x00007f9da4000078, EFLAGS=0x0000000000010202, CSGSFS=0x0000000000000033, ERR=0x0000000000000015
  TRAPNO=0x000000000000000e

Top of Stack: (sp=0x00007f9dc4ceb848)
0x00007f9dc4ceb848:   00007f9de1850607 0000000000000074
0x00007f9dc4ceb858:   00007f9ddc003d60 00007f9dc4ceb8d0
0x00007f9dc4ceb868:   00007f9de16e0f8e 00007f9ddc003d60
0x00007f9dc4ceb878:   00007f9dc4ceb880 00007f9ddc0c6800
0x00007f9dc4ceb888:   0000000000000000 00007f9d00000000
0x00007f9dc4ceb898:   0000000000000000 00007f9dc4ceb8b0
0x00007f9dc4ceb8a8:   00007f9de065be40 00007f9da4000098
0x00007f9dc4ceb8b8:   00007f9dc4ceb967 0000000000000000
0x00007f9dc4ceb8c8:   00007f9dc4ceb967 00007f9dc4ceb900
0x00007f9dc4ceb8d8:   00007f9de04478c2 00007f9dc4ceb900
0x00007f9dc4ceb8e8:   00007f9da4000098 00007f9dc4ceb9d0
0x00007f9dc4ceb8f8:   0000000000000000 00007f9dc4ceb990
0x00007f9dc4ceb908:   00007f9de0428aa0 00007f9dc4ceb948
0x00007f9dc4ceb918:   00007f9dc4ceb940 00007f9dc4ceb938
0x00007f9dc4ceb928:   00007f9dc4ceb95c 00000001a400e940
0x00007f9dc4ceb938:   0000000000000000 0000000000000000
0x00007f9dc4ceb948:   0000000000000000 00007f9da40138d0
0x00007f9dc4ceb958:   00007f9dc4ceb9d0 0000000000000004
0x00007f9dc4ceb968:   0000000000000002 000000000000000f
0x00007f9dc4ceb978:   0000000000000002 00000000000f0200
0x00007f9dc4ceb988:   000000000000000f 00007f9dc4cebbe0
0x00007f9dc4ceb998:   00007f9de04339c6 00003e9200000013
0x00007f9dc4ceb9a8:   00007f9de10f0200 00007f9d9c000ba0
0x00007f9dc4ceb9b8:   0000000000000000 00007f9dc4ceb9d0
0x00007f9dc4ceb9c8:   00007f9dc4cebb60 00007f9dc4ceba24
0x00007f9dc4ceb9d8:   00007f9d00000128 00007f9dc4ceb9e8
0x00007f9dc4ceb9e8:   0000000000000004 00007f9dc4ceba20
0x00007f9dc4ceb9f8:   0000000000000000 00007f0000000000
0x00007f9dc4ceba08:   00003e920000000f 00007f9d0000bb80
0x00007f9dc4ceba18:   00007f9dc4ceba20 0000000004000000
0x00007f9dc4ceba28:   0000000112003300 7f00002601000000
0x00007f9dc4ceba38:   000000a8fa23dc9d 1a00000b00000000 

Instructions: (pc=0x00007f9da4000078)
0x00007f9da4000058:   00 00 00 00 00 00 00 00 00 00 00 00 00 00 00 00
0x00007f9da4000068:   00 00 00 00 00 00 00 00 00 00 00 00 00 00 00 00
0x00007f9da4000078:   20 3d 01 a4 9d 7f 00 00 70 b0 00 a4 9d 7f 00 00
0x00007f9da4000088:   78 00 00 a4 9d 7f 00 00 78 00 00 a4 9d 7f 00 00 

Register to memory mapping:

RAX=0x00007f9da4000078 is an unknown value
RBX=0x00007f9da4000088 is an unknown value
RCX=0x00007f9de29892c0: <offset 0x2182c0> in /lib/x86_64-linux-gnu/libpthread.so.0 at 0x00007f9de2771000
RDX=0x00007f9de1f62220: <offset 0xfba220> in /usr/lib/jvm/java-8-oracle/jre/lib/amd64/server/libjvm.so at 0x00007f9de0fa8000
RSP=0x00007f9dc4ceb848 is pointing into the stack for thread: 0x00007f9ddc0c6800
RBP=0x00007f9dc4ceb860 is pointing into the stack for thread: 0x00007f9ddc0c6800
RSI=0x00007f9ddc0c6800 is a thread
RDI=0x00007f9da4000088 is an unknown value
R8 =0x00007f9ddc0bf260 is an unknown value
R9 =0x0000000000000000 is an unknown value
R10=0x0000000000000001 is an unknown value
R11=0x00007f9da40039b0 is an unknown value
R12=0x0000000000000017 is an unknown value
R13=0x00007f9da4000098 is an unknown value
R14=0x00007f9ddc0c6800 is a thread
R15=0x00007f9dc4ceb967 is pointing into the stack for thread: 0x00007f9ddc0c6800


Stack: [0x00007f9dc4bec000,0x00007f9dc4ced000],  sp=0x00007f9dc4ceb848,  free space=1022k
Native frames: (J=compiled Java code, j=interpreted, Vv=VM code, C=native code)
C  0x00007f9da4000078
V  [libjvm.so+0x738f8e]  jvmti_IsMethodSynthetic+0x2be
C  [libjdwp.so+0x258c2]  isMethodSynthetic+0x42
C  [libjdwp.so+0x6aa0]  methods1+0x1b0
C  [libjdwp.so+0x119c6]  debugLoop_run+0x2b6
C  [libjdwp.so+0x247ff]  attachThread+0x2f
V  [libjvm.so+0x7a5472]  JvmtiAgentThread::call_start_function()+0xc2
V  [libjvm.so+0xa6cc5f]  JavaThread::thread_main_inner()+0xdf
V  [libjvm.so+0xa6cd8c]  JavaThread::run()+0x11c
V  [libjvm.so+0x91fad8]  java_start(Thread*)+0x108
C  [libpthread.so.0+0x76fa]  start_thread+0xca


---------------  P R O C E S S  ---------------

Java Threads: ( => current thread )
  0x00007f9ddc309800 JavaThread "JavaFX-Launcher" [_thread_blocked, id=6281, stack(0x00007f9d718f8000,0x00007f9d719f9000)]
  0x00007f9ddc305000 JavaThread "JavaFX Application Thread" [_thread_blocked, id=6280, stack(0x00007f9d719f9000,0x00007f9d71afa000)]
  0x00007f9ddc301000 JavaThread "Thread-1" daemon [_thread_blocked, id=6279, stack(0x00007f9d71afa000,0x00007f9d71bfb000)]
  0x00007f9ddc222000 JavaThread "QuantumRenderer-0" daemon [_thread_blocked, id=6274, stack(0x00007f9dc4320000,0x00007f9dc4421000)]
  0x00007f9ddc0ee800 JavaThread "Service Thread" daemon [_thread_blocked, id=6270, stack(0x00007f9dc45e6000,0x00007f9dc46e7000)]
  0x00007f9ddc0d0800 JavaThread "C1 CompilerThread2" daemon [_thread_blocked, id=6269, stack(0x00007f9dc46e7000,0x00007f9dc47e8000)]
  0x00007f9ddc0cf000 JavaThread "C2 CompilerThread1" daemon [_thread_blocked, id=6268, stack(0x00007f9dc47e8000,0x00007f9dc48e9000)]
  0x00007f9ddc0cc000 JavaThread "C2 CompilerThread0" daemon [_thread_blocked, id=6267, stack(0x00007f9dc48e9000,0x00007f9dc49ea000)]
  0x00007f9da4001000 JavaThread "JDWP Command Reader" daemon [_thread_in_native, id=6260, stack(0x00007f9dc49ea000,0x00007f9dc4aeb000)]
  0x00007f9ddc0ca000 JavaThread "JDWP Event Helper Thread" daemon [_thread_blocked, id=6258, stack(0x00007f9dc4aeb000,0x00007f9dc4bec000)]
=>0x00007f9ddc0c6800 JavaThread "JDWP Transport Listener: dt_socket" daemon [_thread_in_vm, id=6257, stack(0x00007f9dc4bec000,0x00007f9dc4ced000)]
  0x00007f9ddc0ba000 JavaThread "Signal Dispatcher" daemon [_thread_blocked, id=6255, stack(0x00007f9dc4ef1000,0x00007f9dc4ff2000)]
  0x00007f9ddc087800 JavaThread "Finalizer" daemon [_thread_blocked, id=6253, stack(0x00007f9dc4ff2000,0x00007f9dc50f3000)]
  0x00007f9ddc083000 JavaThread "Reference Handler" daemon [_thread_blocked, id=6252, stack(0x00007f9dc50f3000,0x00007f9dc51f4000)]
  0x00007f9ddc00d800 JavaThread "main" [_thread_blocked, id=6243, stack(0x00007f9de2a95000,0x00007f9de2b96000)]

Other Threads:
  0x00007f9ddc07b800 VMThread [stack: 0x00007f9dc51f4000,0x00007f9dc52f5000] [id=6251]
  0x00007f9ddc0f2000 WatcherThread [stack: 0x00007f9dc44e5000,0x00007f9dc45e6000] [id=6271]

VM state:not at safepoint (normal execution)

VM Mutex/Monitor currently owned by a thread: None

Heap:
 PSYoungGen      total 36864K, used 13214K [0x00000000d6f80000, 0x00000000d9880000, 0x0000000100000000)
  eden space 31744K, 41% used [0x00000000d6f80000,0x00000000d7c67880,0x00000000d8e80000)
  from space 5120K, 0% used [0x00000000d9380000,0x00000000d9380000,0x00000000d9880000)
  to   space 5120K, 0% used [0x00000000d8e80000,0x00000000d8e80000,0x00000000d9380000)
 ParOldGen       total 84992K, used 0K [0x0000000084e00000, 0x000000008a100000, 0x00000000d6f80000)
  object space 84992K, 0% used [0x0000000084e00000,0x0000000084e00000,0x000000008a100000)
 Metaspace       used 6894K, capacity 7404K, committed 7680K, reserved 1056768K
  class space    used 810K, capacity 942K, committed 1024K, reserved 1048576K

Card table byte_map: [0x00007f9dcb524000,0x00007f9dcb8fe000] byte_map_base: 0x00007f9dcb0fd000

Marking Bits: (ParMarkBitMap*) 0x00007f9de1f614c0
 Begin Bits: [0x00007f9dc70ff000, 0x00007f9dc8fc7000)
 End Bits:   [0x00007f9dc8fc7000, 0x00007f9dcae8f000)

Polling page: 0x00007f9de2bb0000

CodeCache: size=245760Kb used=2304Kb max_used=2315Kb free=243455Kb
 bounds [0x00007f9dcbcbe000, 0x00007f9dcbf2e000, 0x00007f9ddacbe000]
 total_blobs=938 nmethods=540 adapters=320
 compilation: enabled

Compilation events (10 events):
Event: 1.874 Thread 0x00007f9ddc0d0800  523   !   3       java.io.PrintStream::println (24 bytes)
Event: 1.875 Thread 0x00007f9ddc0d0800 nmethod 523 0x00007f9dcbefcb10 code [0x00007f9dcbefcca0, 0x00007f9dcbefd0d8]
Event: 1.875 Thread 0x00007f9ddc0d0800  524       3       java.io.PrintStream::print (13 bytes)
Event: 1.875 Thread 0x00007f9ddc0d0800 nmethod 524 0x00007f9dcbef8e50 code [0x00007f9dcbef8fc0, 0x00007f9dcbef91a8]
Event: 12.547 Thread 0x00007f9ddc0d0800  538       3       java.lang.Integer::getChars (131 bytes)
Event: 12.548 Thread 0x00007f9ddc0d0800 nmethod 538 0x00007f9dcbefd290 code [0x00007f9dcbefd440, 0x00007f9dcbefd8d0]
Event: 34.647 Thread 0x00007f9ddc0cc000  539       4       java.lang.StringBuilder::toString (17 bytes)
Event: 34.655 Thread 0x00007f9ddc0cc000 nmethod 539 0x00007f9dcbf00d90 code [0x00007f9dcbf00f00, 0x00007f9dcbf01338]
Event: 36.130 Thread 0x00007f9ddc0cf000  540       4       java.lang.StringBuilder::<init> (7 bytes)
Event: 36.132 Thread 0x00007f9ddc0cf000 nmethod 540 0x00007f9dcbefdd50 code [0x00007f9dcbefdea0, 0x00007f9dcbefdf98]

GC Heap History (0 events):
No events

Deoptimization events (1 events):
Event: 1.639 Thread 0x00007f9ddc305000 Uncommon trap: reason=unstable_if action=reinterpret pc=0x00007f9dcbe6f224 method=java.lang.String.replace(CC)Ljava/lang/String; @ 2

Internal exceptions (9 events):
Event: 0.083 Thread 0x00007f9ddc00d800 Exception <a 'java/lang/NoSuchMethodError': Method sun.misc.Unsafe.defineClass(Ljava/lang/String;[BII)Ljava/lang/Class; name or signature does not match> (0x00000000d6f87cc0) thrown at [/HUDSON/workspace/8-2-build-linux-amd64/jdk8u92/6642/hotspot/src/shar
Event: 0.083 Thread 0x00007f9ddc00d800 Exception <a 'java/lang/NoSuchMethodError': Method sun.misc.Unsafe.prefetchRead(Ljava/lang/Object;J)V name or signature does not match> (0x00000000d6f87fa8) thrown at [/HUDSON/workspace/8-2-build-linux-amd64/jdk8u92/6642/hotspot/src/share/vm/prims/jni.cpp
Event: 0.542 Thread 0x00007f9ddc00d800 Exception <a 'java/lang/NoSuchFieldError': method resolution failed> (0x00000000d724fb90) thrown at [/HUDSON/workspace/8-2-build-linux-amd64/jdk8u92/6642/hotspot/src/share/vm/prims/methodHandles.cpp, line 1146]
Event: 0.564 Thread 0x00007f9ddc00d800 Exception <a 'java/lang/NoSuchFieldError': method resolution failed> (0x00000000d725cf10) thrown at [/HUDSON/workspace/8-2-build-linux-amd64/jdk8u92/6642/hotspot/src/share/vm/prims/methodHandles.cpp, line 1146]
Event: 0.723 Thread 0x00007f9ddc00d800 Exception <a 'java/security/PrivilegedActionException'> (0x00000000d72e49e8) thrown at [/HUDSON/workspace/8-2-build-linux-amd64/jdk8u92/6642/hotspot/src/share/vm/prims/jvm.cpp, line 1386]
Event: 0.723 Thread 0x00007f9ddc00d800 Exception <a 'java/security/PrivilegedActionException'> (0x00000000d72e4bf8) thrown at [/HUDSON/workspace/8-2-build-linux-amd64/jdk8u92/6642/hotspot/src/share/vm/prims/jvm.cpp, line 1386]
Event: 0.723 Thread 0x00007f9ddc00d800 Exception <a 'java/security/PrivilegedActionException'> (0x00000000d72e7038) thrown at [/HUDSON/workspace/8-2-build-linux-amd64/jdk8u92/6642/hotspot/src/share/vm/prims/jvm.cpp, line 1386]
Event: 0.724 Thread 0x00007f9ddc00d800 Exception <a 'java/security/PrivilegedActionException'> (0x00000000d72e7248) thrown at [/HUDSON/workspace/8-2-build-linux-amd64/jdk8u92/6642/hotspot/src/share/vm/prims/jvm.cpp, line 1386]
Event: 0.724 Thread 0x00007f9ddc00d800 Exception <a 'java/lang/NullPointerException'> (0x00000000d72e7820) thrown at [/HUDSON/workspace/8-2-build-linux-amd64/jdk8u92/6642/hotspot/src/share/vm/interpreter/linkResolver.cpp, line 1178]

Events (10 events):
Event: 564.937 Executing VM operation: GetOrSetLocal
Event: 564.937 Executing VM operation: GetOrSetLocal done
Event: 564.943 Executing VM operation: GetOrSetLocal
Event: 564.943 Executing VM operation: GetOrSetLocal done
Event: 564.952 Executing VM operation: GetOrSetLocal
Event: 564.952 Executing VM operation: GetOrSetLocal done
Event: 564.958 Executing VM operation: GetOrSetLocal
Event: 564.958 Executing VM operation: GetOrSetLocal done
Event: 564.961 Executing VM operation: GetOrSetLocal
Event: 564.961 Executing VM operation: GetOrSetLocal done


Dynamic libraries:
00400000-00401000 r-xp 00000000 08:06 10487781                           /usr/lib/jvm/java-8-oracle/bin/java
00600000-00601000 rw-p 00000000 08:06 10487781                           /usr/lib/jvm/java-8-oracle/bin/java
016b1000-016d2000 rw-p 00000000 00:00 0                                  [heap]
84e00000-8a100000 rw-p 00000000 00:00 0 
8a100000-d6f80000 ---p 00000000 00:00 0 
d6f80000-d9880000 rw-p 00000000 00:00 0 
d9880000-100000000 ---p 00000000 00:00 0 
100000000-100100000 rw-p 00000000 00:00 0 
100100000-140000000 ---p 00000000 00:00 0 
7f9d54000000-7f9d54021000 rw-p 00000000 00:00 0 
7f9d54021000-7f9d58000000 ---p 00000000 00:00 0 
7f9d5c000000-7f9d5c021000 rw-p 00000000 00:00 0 
7f9d5c021000-7f9d60000000 ---p 00000000 00:00 0 
7f9d60000000-7f9d6006a000 rw-p 00000000 00:00 0 
7f9d6006a000-7f9d64000000 ---p 00000000 00:00 0 
7f9d64000000-7f9d64021000 rw-p 00000000 00:00 0 
7f9d64021000-7f9d68000000 ---p 00000000 00:00 0 
7f9d68000000-7f9d68022000 rw-p 00000000 00:00 0 
7f9d68022000-7f9d6c000000 ---p 00000000 00:00 0 
7f9d6c000000-7f9d6c022000 rw-p 00000000 00:00 0 
7f9d6c022000-7f9d70000000 ---p 00000000 00:00 0 
7f9d718f8000-7f9d718fb000 ---p 00000000 00:00 0 
7f9d718fb000-7f9d719f9000 rw-p 00000000 00:00 0 
7f9d719f9000-7f9d719fc000 ---p 00000000 00:00 0 
7f9d719fc000-7f9d71afa000 rw-p 00000000 00:00 0 
7f9d71afa000-7f9d71afd000 ---p 00000000 00:00 0 
7f9d71afd000-7f9d71bfb000 rw-p 00000000 00:00 0 
7f9d71bfb000-7f9d71bfc000 ---p 00000000 00:00 0 
7f9d71bfc000-7f9d723fc000 rw-p 00000000 00:00 0 
7f9d723fc000-7f9d723fd000 ---p 00000000 00:00 0 
7f9d723fd000-7f9d72bfd000 rw-p 00000000 00:00 0 
7f9d72bfd000-7f9d72bfe000 ---p 00000000 00:00 0 
7f9d72bfe000-7f9d733fe000 rw-p 00000000 00:00 0 
7f9d733fe000-7f9d73417000 r-xp 00000000 08:06 10616968                   /usr/lib/x86_64-linux-gnu/gio/modules/libgioremote-volume-monitor.so
7f9d73417000-7f9d73617000 ---p 00019000 08:06 10616968                   /usr/lib/x86_64-linux-gnu/gio/modules/libgioremote-volume-monitor.so
7f9d73617000-7f9d7361a000 r--p 00019000 08:06 10616968                   /usr/lib/x86_64-linux-gnu/gio/modules/libgioremote-volume-monitor.so
7f9d7361a000-7f9d7361b000 rw-p 0001c000 08:06 10616968                   /usr/lib/x86_64-linux-gnu/gio/modules/libgioremote-volume-monitor.so
7f9d7361b000-7f9d73651000 r-xp 00000000 08:06 10489178                   /usr/lib/x86_64-linux-gnu/gvfs/libgvfscommon.so
7f9d73651000-7f9d73851000 ---p 00036000 08:06 10489178                   /usr/lib/x86_64-linux-gnu/gvfs/libgvfscommon.so
7f9d73851000-7f9d73856000 r--p 00036000 08:06 10489178                   /usr/lib/x86_64-linux-gnu/gvfs/libgvfscommon.so
7f9d73856000-7f9d73857000 rw-p 0003b000 08:06 10489178                   /usr/lib/x86_64-linux-gnu/gvfs/libgvfscommon.so
7f9d73857000-7f9d73887000 r-xp 00000000 08:06 10616969                   /usr/lib/x86_64-linux-gnu/gio/modules/libgvfsdbus.so
7f9d73887000-7f9d73a86000 ---p 00030000 08:06 10616969                   /usr/lib/x86_64-linux-gnu/gio/modules/libgvfsdbus.so
7f9d73a86000-7f9d73a87000 r--p 0002f000 08:06 10616969                   /usr/lib/x86_64-linux-gnu/gio/modules/libgvfsdbus.so
7f9d73a87000-7f9d73a88000 rw-p 00030000 08:06 10616969                   /usr/lib/x86_64-linux-gnu/gio/modules/libgvfsdbus.so
7f9d73a88000-7f9d73a89000 rw-p 00000000 00:00 0 
7f9d73a89000-7f9d73a94000 r-xp 00000000 08:06 10616964                   /usr/lib/x86_64-linux-gnu/gio/modules/libdconfsettings.so
7f9d73a94000-7f9d73c94000 ---p 0000b000 08:06 10616964                   /usr/lib/x86_64-linux-gnu/gio/modules/libdconfsettings.so
7f9d73c94000-7f9d73c95000 r--p 0000b000 08:06 10616964                   /usr/lib/x86_64-linux-gnu/gio/modules/libdconfsettings.so
7f9d73c95000-7f9d73c96000 rw-p 0000c000 08:06 10616964                   /usr/lib/x86_64-linux-gnu/gio/modules/libdconfsettings.so
7f9d73c96000-7f9d73cdc000 r--p 00000000 08:06 11403630                   /usr/share/glib-2.0/schemas/gschemas.compiled
7f9d73cdc000-7f9d73ce3000 r-xp 00000000 08:06 10232508                   /usr/lib/x86_64-linux-gnu/libogg.so.0.8.2
7f9d73ce3000-7f9d73ee3000 ---p 00007000 08:06 10232508                   /usr/lib/x86_64-linux-gnu/libogg.so.0.8.2
7f9d73ee3000-7f9d73ee4000 r--p 00007000 08:06 10232508                   /usr/lib/x86_64-linux-gnu/libogg.so.0.8.2
7f9d73ee4000-7f9d73ee5000 rw-p 00008000 08:06 10232508                   /usr/lib/x86_64-linux-gnu/libogg.so.0.8.2
7f9d73ee5000-7f9d73f0f000 r-xp 00000000 08:06 10232857                   /usr/lib/x86_64-linux-gnu/libvorbis.so.0.4.8
7f9d73f0f000-7f9d7410f000 ---p 0002a000 08:06 10232857                   /usr/lib/x86_64-linux-gnu/libvorbis.so.0.4.8
7f9d7410f000-7f9d74110000 r--p 0002a000 08:06 10232857                   /usr/lib/x86_64-linux-gnu/libvorbis.so.0.4.8
7f9d74110000-7f9d74111000 rw-p 0002b000 08:06 10232857                   /usr/lib/x86_64-linux-gnu/libvorbis.so.0.4.8
7f9d74111000-7f9d7411a000 r-xp 00000000 08:06 10232375                   /usr/lib/x86_64-linux-gnu/libltdl.so.7.3.1
7f9d7411a000-7f9d74319000 ---p 00009000 08:06 10232375                   /usr/lib/x86_64-linux-gnu/libltdl.so.7.3.1
7f9d74319000-7f9d7431a000 r--p 00008000 08:06 10232375                   /usr/lib/x86_64-linux-gnu/libltdl.so.7.3.1
7f9d7431a000-7f9d7431b000 rw-p 00009000 08:06 10232375                   /usr/lib/x86_64-linux-gnu/libltdl.so.7.3.1
7f9d7431b000-7f9d7432f000 r-xp 00000000 08:06 10232750                   /usr/lib/x86_64-linux-gnu/libtdb.so.1.3.8
7f9d7432f000-7f9d7452e000 ---p 00014000 08:06 10232750                   /usr/lib/x86_64-linux-gnu/libtdb.so.1.3.8
7f9d7452e000-7f9d7452f000 r--p 00013000 08:06 10232750                   /usr/lib/x86_64-linux-gnu/libtdb.so.1.3.8
7f9d7452f000-7f9d74530000 rw-p 00014000 08:06 10232750                   /usr/lib/x86_64-linux-gnu/libtdb.so.1.3.8
7f9d74530000-7f9d74537000 r-xp 00000000 08:06 10232861                   /usr/lib/x86_64-linux-gnu/libvorbisfile.so.3.3.7
7f9d74537000-7f9d74737000 ---p 00007000 08:06 10232861                   /usr/lib/x86_64-linux-gnu/libvorbisfile.so.3.3.7
7f9d74737000-7f9d74738000 r--p 00007000 08:06 10232861                   /usr/lib/x86_64-linux-gnu/libvorbisfile.so.3.3.7
7f9d74738000-7f9d74739000 rw-p 00008000 08:06 10232861                   /usr/lib/x86_64-linux-gnu/libvorbisfile.so.3.3.7
7f9d74739000-7f9d74749000 r-xp 00000000 08:06 10231772                   /usr/lib/x86_64-linux-gnu/libcanberra.so.0.2.5
7f9d74749000-7f9d74948000 ---p 00010000 08:06 10231772                   /usr/lib/x86_64-linux-gnu/libcanberra.so.0.2.5
7f9d74948000-7f9d74949000 r--p 0000f000 08:06 10231772                   /usr/lib/x86_64-linux-gnu/libcanberra.so.0.2.5
7f9d74949000-7f9d7494a000 rw-p 00010000 08:06 10231772                   /usr/lib/x86_64-linux-gnu/libcanberra.so.0.2.5
7f9d7494a000-7f9d7494e000 r-xp 00000000 08:06 10231768                   /usr/lib/x86_64-linux-gnu/libcanberra-gtk.so.0.1.9
7f9d7494e000-7f9d74b4d000 ---p 00004000 08:06 10231768                   /usr/lib/x86_64-linux-gnu/libcanberra-gtk.so.0.1.9
7f9d74b4d000-7f9d74b4e000 r--p 00003000 08:06 10231768                   /usr/lib/x86_64-linux-gnu/libcanberra-gtk.so.0.1.9
7f9d74b4e000-7f9d74b4f000 rw-p 00004000 08:06 10231768                   /usr/lib/x86_64-linux-gnu/libcanberra-gtk.so.0.1.9
7f9d74b4f000-7f9d74b54000 r-xp 00000000 08:06 10616997                   /usr/lib/x86_64-linux-gnu/gtk-2.0/modules/libcanberra-gtk-module.so
7f9d74b54000-7f9d74d53000 ---p 00005000 08:06 10616997                   /usr/lib/x86_64-linux-gnu/gtk-2.0/modules/libcanberra-gtk-module.so
7f9d74d53000-7f9d74d54000 r--p 00004000 08:06 10616997                   /usr/lib/x86_64-linux-gnu/gtk-2.0/modules/libcanberra-gtk-module.so
7f9d74d54000-7f9d74d55000 rw-p 00005000 08:06 10616997                   /usr/lib/x86_64-linux-gnu/gtk-2.0/modules/libcanberra-gtk-module.so
7f9d74d55000-7f9d74d84000 r-xp 00000000 08:06 10616979                   /usr/lib/x86_64-linux-gnu/gtk-2.0/2.10.0/engines/libmurrine.so
7f9d74d84000-7f9d74f84000 ---p 0002f000 08:06 10616979                   /usr/lib/x86_64-linux-gnu/gtk-2.0/2.10.0/engines/libmurrine.so
7f9d74f84000-7f9d74f85000 r--p 0002f000 08:06 10616979                   /usr/lib/x86_64-linux-gnu/gtk-2.0/2.10.0/engines/libmurrine.so
7f9d74f85000-7f9d74f86000 rw-p 00030000 08:06 10616979                   /usr/lib/x86_64-linux-gnu/gtk-2.0/2.10.0/engines/libmurrine.so
7f9d74f86000-7f9d74f96000 r-xp 00000000 08:06 10232806                   /usr/lib/x86_64-linux-gnu/libunity-gtk2-parser.so.0.0.0
7f9d74f96000-7f9d75196000 ---p 00010000 08:06 10232806                   /usr/lib/x86_64-linux-gnu/libunity-gtk2-parser.so.0.0.0
7f9d75196000-7f9d75197000 r--p 00010000 08:06 10232806                   /usr/lib/x86_64-linux-gnu/libunity-gtk2-parser.so.0.0.0
7f9d75197000-7f9d75198000 rw-p 00011000 08:06 10232806                   /usr/lib/x86_64-linux-gnu/libunity-gtk2-parser.so.0.0.0
7f9d75198000-7f9d7519d000 r-xp 00000000 08:06 10617001                   /usr/lib/x86_64-linux-gnu/gtk-2.0/modules/libunity-gtk-module.so
7f9d7519d000-7f9d7539c000 ---p 00005000 08:06 10617001                   /usr/lib/x86_64-linux-gnu/gtk-2.0/modules/libunity-gtk-module.so
7f9d7539c000-7f9d7539d000 r--p 00004000 08:06 10617001                   /usr/lib/x86_64-linux-gnu/gtk-2.0/modules/libunity-gtk-module.so
7f9d7539d000-7f9d7539e000 rw-p 00005000 08:06 10617001                   /usr/lib/x86_64-linux-gnu/gtk-2.0/modules/libunity-gtk-module.so
7f9d7539e000-7f9d753b0000 r-xp 00000000 08:06 9179607                    /lib/x86_64-linux-gnu/libgpg-error.so.0.17.0
7f9d753b0000-7f9d755b0000 ---p 00012000 08:06 9179607                    /lib/x86_64-linux-gnu/libgpg-error.so.0.17.0
7f9d755b0000-7f9d755b1000 r--p 00012000 08:06 9179607                    /lib/x86_64-linux-gnu/libgpg-error.so.0.17.0
7f9d755b1000-7f9d755b2000 rw-p 00013000 08:06 9179607                    /lib/x86_64-linux-gnu/libgpg-error.so.0.17.0
7f9d755b2000-7f9d7568a000 r-xp 00000000 08:06 9179603                    /lib/x86_64-linux-gnu/libgcrypt.so.20.0.5
7f9d7568a000-7f9d75889000 ---p 000d8000 08:06 9179603                    /lib/x86_64-linux-gnu/libgcrypt.so.20.0.5
7f9d75889000-7f9d7588a000 r--p 000d7000 08:06 9179603                    /lib/x86_64-linux-gnu/libgcrypt.so.20.0.5
7f9d7588a000-7f9d75892000 rw-p 000d8000 08:06 9179603                    /lib/x86_64-linux-gnu/libgcrypt.so.20.0.5
7f9d75892000-7f9d75893000 rw-p 00000000 00:00 0 
7f9d75893000-7f9d758b4000 r-xp 00000000 08:06 9179630                    /lib/x86_64-linux-gnu/liblzma.so.5.0.0
7f9d758b4000-7f9d75ab3000 ---p 00021000 08:06 9179630                    /lib/x86_64-linux-gnu/liblzma.so.5.0.0
7f9d75ab3000-7f9d75ab4000 r--p 00020000 08:06 9179630                    /lib/x86_64-linux-gnu/liblzma.so.5.0.0
7f9d75ab4000-7f9d75ab5000 rw-p 00021000 08:06 9179630                    /lib/x86_64-linux-gnu/liblzma.so.5.0.0
7f9d75ab5000-7f9d75aff000 r-xp 00000000 08:06 9179579                    /lib/x86_64-linux-gnu/libdbus-1.so.3.14.6
7f9d75aff000-7f9d75cff000 ---p 0004a000 08:06 9179579                    /lib/x86_64-linux-gnu/libdbus-1.so.3.14.6
7f9d75cff000-7f9d75d00000 r--p 0004a000 08:06 9179579                    /lib/x86_64-linux-gnu/libdbus-1.so.3.14.6
7f9d75d00000-7f9d75d01000 rw-p 0004b000 08:06 9179579                    /lib/x86_64-linux-gnu/libdbus-1.so.3.14.6
7f9d75d01000-7f9d75d2d000 r-xp 00000000 08:06 10231714                   /usr/lib/x86_64-linux-gnu/libatspi.so.0.0.1
7f9d75d2d000-7f9d75f2c000 ---p 0002c000 08:06 10231714                   /usr/lib/x86_64-linux-gnu/libatspi.so.0.0.1
7f9d75f2c000-7f9d75f2f000 r--p 0002b000 08:06 10231714                   /usr/lib/x86_64-linux-gnu/libatspi.so.0.0.1
7f9d75f2f000-7f9d75f30000 rw-p 0002e000 08:06 10231714                   /usr/lib/x86_64-linux-gnu/libatspi.so.0.0.1
7f9d75f30000-7f9d75f5d000 r-xp 00000000 08:06 10231708                   /usr/lib/x86_64-linux-gnu/libatk-bridge-2.0.so.0.0.0
7f9d75f5d000-7f9d7615c000 ---p 0002d000 08:06 10231708                   /usr/lib/x86_64-linux-gnu/libatk-bridge-2.0.so.0.0.0
7f9d7615c000-7f9d7615d000 r--p 0002c000 08:06 10231708                   /usr/lib/x86_64-linux-gnu/libatk-bridge-2.0.so.0.0.0
7f9d7615d000-7f9d7615f000 rw-p 0002d000 08:06 10231708                   /usr/lib/x86_64-linux-gnu/libatk-bridge-2.0.so.0.0.0
7f9d7615f000-7f9d76160000 r-xp 00000000 08:06 10616996                   /usr/lib/x86_64-linux-gnu/gtk-2.0/modules/libatk-bridge.so
7f9d76160000-7f9d7635f000 ---p 00001000 08:06 10616996                   /usr/lib/x86_64-linux-gnu/gtk-2.0/modules/libatk-bridge.so
7f9d7635f000-7f9d76360000 r--p 00000000 08:06 10616996                   /usr/lib/x86_64-linux-gnu/gtk-2.0/modules/libatk-bridge.so
7f9d76360000-7f9d76361000 rw-p 00001000 08:06 10616996                   /usr/lib/x86_64-linux-gnu/gtk-2.0/modules/libatk-bridge.so
7f9d76361000-7f9d76368000 r-xp 00000000 08:06 10232043                   /usr/lib/x86_64-linux-gnu/libgailutil.so.18.0.1
7f9d76368000-7f9d76567000 ---p 00007000 08:06 10232043                   /usr/lib/x86_64-linux-gnu/libgailutil.so.18.0.1
7f9d76567000-7f9d76568000 r--p 00006000 08:06 10232043                   /usr/lib/x86_64-linux-gnu/libgailutil.so.18.0.1
7f9d76568000-7f9d76569000 rw-p 00007000 08:06 10232043                   /usr/lib/x86_64-linux-gnu/libgailutil.so.18.0.1
7f9d76569000-7f9d765b7000 r-xp 00000000 08:06 10616999                   /usr/lib/x86_64-linux-gnu/gtk-2.0/modules/libgail.so
7f9d765b7000-7f9d767b6000 ---p 0004e000 08:06 10616999                   /usr/lib/x86_64-linux-gnu/gtk-2.0/modules/libgail.so
7f9d767b6000-7f9d767b7000 r--p 0004d000 08:06 10616999                   /usr/lib/x86_64-linux-gnu/gtk-2.0/modules/libgail.so
7f9d767b7000-7f9d767b9000 rw-p 0004e000 08:06 10616999                   /usr/lib/x86_64-linux-gnu/gtk-2.0/modules/libgail.so
7f9d767b9000-7f9d767ca000 r-xp 00000000 08:06 10617000                   /usr/lib/x86_64-linux-gnu/gtk-2.0/modules/liboverlay-scrollbar.so
7f9d767ca000-7f9d769ca000 ---p 00011000 08:06 10617000                   /usr/lib/x86_64-linux-gnu/gtk-2.0/modules/liboverlay-scrollbar.so
7f9d769ca000-7f9d769cb000 r--p 00011000 08:06 10617000                   /usr/lib/x86_64-linux-gnu/gtk-2.0/modules/liboverlay-scrollbar.so
7f9d769cb000-7f9d769cc000 rw-p 00012000 08:06 10617000                   /usr/lib/x86_64-linux-gnu/gtk-2.0/modules/liboverlay-scrollbar.so
7f9d769cc000-7f9d769f5000 r-xp 00000000 08:06 10882031                   /usr/lib/jvm/java-8-oracle/jre/lib/amd64/libglass.so
7f9d769f5000-7f9d76bf4000 ---p 00029000 08:06 10882031                   /usr/lib/jvm/java-8-oracle/jre/lib/amd64/libglass.so
7f9d76bf4000-7f9d76bf7000 rw-p 00028000 08:06 10882031                   /usr/lib/jvm/java-8-oracle/jre/lib/amd64/libglass.so
7f9d76bf7000-7f9d76c2e000 r-xp 00000000 08:06 10232787                   /usr/lib/x86_64-linux-gnu/libtxc_dxtn_s2tc.so.0.0.0
7f9d76c2e000-7f9d76e2d000 ---p 00037000 08:06 10232787                   /usr/lib/x86_64-linux-gnu/libtxc_dxtn_s2tc.so.0.0.0
7f9d76e2d000-7f9d76e2e000 r--p 00036000 08:06 10232787                   /usr/lib/x86_64-linux-gnu/libtxc_dxtn_s2tc.so.0.0.0
7f9d76e2e000-7f9d76e2f000 rw-p 00037000 08:06 10232787                   /usr/lib/x86_64-linux-gnu/libtxc_dxtn_s2tc.so.0.0.0
7f9d76e2f000-7f9d76e37000 r-xp 00000000 08:06 10232549                   /usr/lib/x86_64-linux-gnu/libpciaccess.so.0.11.1
7f9d76e37000-7f9d77037000 ---p 00008000 08:06 10232549                   /usr/lib/x86_64-linux-gnu/libpciaccess.so.0.11.1
7f9d77037000-7f9d77038000 r--p 00008000 08:06 10232549                   /usr/lib/x86_64-linux-gnu/libpciaccess.so.0.11.1
7f9d77038000-7f9d77039000 rw-p 00009000 08:06 10232549                   /usr/lib/x86_64-linux-gnu/libpciaccess.so.0.11.1
7f9d77039000-7f9d77044000 r-xp 00000000 08:06 10231914                   /usr/lib/x86_64-linux-gnu/libdrm_radeon.so.1.0.1
7f9d77044000-7f9d77243000 ---p 0000b000 08:06 10231914                   /usr/lib/x86_64-linux-gnu/libdrm_radeon.so.1.0.1
7f9d77243000-7f9d77244000 r--p 0000a000 08:06 10231914                   /usr/lib/x86_64-linux-gnu/libdrm_radeon.so.1.0.1
7f9d77244000-7f9d77245000 rw-p 0000b000 08:06 10231914                   /usr/lib/x86_64-linux-gnu/libdrm_radeon.so.1.0.1
7f9d77245000-7f9d7724c000 r-xp 00000000 08:06 10231912                   /usr/lib/x86_64-linux-gnu/libdrm_nouveau.so.2.0.0
7f9d7724c000-7f9d7744b000 ---p 00007000 08:06 10231912                   /usr/lib/x86_64-linux-gnu/libdrm_nouveau.so.2.0.0
7f9d7744b000-7f9d7744c000 r--p 00006000 08:06 10231912                   /usr/lib/x86_64-linux-gnu/libdrm_nouveau.so.2.0.0
7f9d7744c000-7f9d7744d000 rw-p 00007000 08:06 10231912                   /usr/lib/x86_64-linux-gnu/libdrm_nouveau.so.2.0.0
7f9d7744d000-7f9d7746d000 r-xp 00000000 08:06 10231910                   /usr/lib/x86_64-linux-gnu/libdrm_intel.so.1.0.0
7f9d7746d000-7f9d7766c000 ---p 00020000 08:06 10231910                   /usr/lib/x86_64-linux-gnu/libdrm_intel.so.1.0.0
7f9d7766c000-7f9d7766d000 r--p 0001f000 08:06 10231910                   /usr/lib/x86_64-linux-gnu/libdrm_intel.so.1.0.0
7f9d7766d000-7f9d7766e000 rw-p 00020000 08:06 10231910                   /usr/lib/x86_64-linux-gnu/libdrm_intel.so.1.0.0
7f9d7766e000-7f9d77c73000 r-xp 00000000 08:06 10488446                   /usr/lib/x86_64-linux-gnu/dri/i965_dri.so
7f9d77c73000-7f9d77e73000 ---p 00605000 08:06 10488446                   /usr/lib/x86_64-linux-gnu/dri/i965_dri.so
7f9d77e73000-7f9d77ea9000 r--p 00605000 08:06 10488446                   /usr/lib/x86_64-linux-gnu/dri/i965_dri.so
7f9d77ea9000-7f9d77eb0000 rw-p 0063b000 08:06 10488446                   /usr/lib/x86_64-linux-gnu/dri/i965_dri.so
7f9d77eb0000-7f9d77eb8000 rw-p 00000000 00:00 0 
7f9d77eb8000-7f9d77ebe000 r-xp 00000000 08:06 10231855                   /usr/lib/x86_64-linux-gnu/libdatrie.so.1.3.3
7f9d77ebe000-7f9d780be000 ---p 00006000 08:06 10231855                   /usr/lib/x86_64-linux-gnu/libdatrie.so.1.3.3
7f9d780be000-7f9d780bf000 r--p 00006000 08:06 10231855                   /usr/lib/x86_64-linux-gnu/libdatrie.so.1.3.3
7f9d780bf000-7f9d780c0000 rw-p 00007000 08:06 10231855                   /usr/lib/x86_64-linux-gnu/libdatrie.so.1.3.3
7f9d780c0000-7f9d780c5000 r-xp 00000000 08:06 10231613                   /usr/lib/x86_64-linux-gnu/libXdmcp.so.6.0.0
7f9d780c5000-7f9d782c4000 ---p 00005000 08:06 10231613                   /usr/lib/x86_64-linux-gnu/libXdmcp.so.6.0.0
7f9d782c4000-7f9d782c5000 r--p 00004000 08:06 10231613                   /usr/lib/x86_64-linux-gnu/libXdmcp.so.6.0.0
7f9d782c5000-7f9d782c6000 rw-p 00005000 08:06 10231613                   /usr/lib/x86_64-linux-gnu/libXdmcp.so.6.0.0
7f9d782c6000-7f9d782c8000 r-xp 00000000 08:06 10231602                   /usr/lib/x86_64-linux-gnu/libXau.so.6.0.0
7f9d782c8000-7f9d784c8000 ---p 00002000 08:06 10231602                   /usr/lib/x86_64-linux-gnu/libXau.so.6.0.0
7f9d784c8000-7f9d784c9000 r--p 00002000 08:06 10231602                   /usr/lib/x86_64-linux-gnu/libXau.so.6.0.0
7f9d784c9000-7f9d784ca000 rw-p 00003000 08:06 10231602                   /usr/lib/x86_64-linux-gnu/libXau.so.6.0.0
7f9d784ca000-7f9d784ed000 r-xp 00000000 08:06 10232159                   /usr/lib/x86_64-linux-gnu/libgraphite2.so.3.0.1
7f9d784ed000-7f9d786ec000 ---p 00023000 08:06 10232159                   /usr/lib/x86_64-linux-gnu/libgraphite2.so.3.0.1
7f9d786ec000-7f9d786ee000 r--p 00022000 08:06 10232159                   /usr/lib/x86_64-linux-gnu/libgraphite2.so.3.0.1
7f9d786ee000-7f9d786ef000 rw-p 00024000 08:06 10232159                   /usr/lib/x86_64-linux-gnu/libgraphite2.so.3.0.1
7f9d786ef000-7f9d786fd000 r-xp 00000000 08:06 10231906                   /usr/lib/x86_64-linux-gnu/libdrm.so.2.4.0
7f9d786fd000-7f9d788fc000 ---p 0000e000 08:06 10231906                   /usr/lib/x86_64-linux-gnu/libdrm.so.2.4.0
7f9d788fc000-7f9d788fd000 r--p 0000d000 08:06 10231906                   /usr/lib/x86_64-linux-gnu/libdrm.so.2.4.0
7f9d788fd000-7f9d788fe000 rw-p 0000e000 08:06 10231906                   /usr/lib/x86_64-linux-gnu/libdrm.so.2.4.0
7f9d788fe000-7f9d78902000 r-xp 00000000 08:06 10232948                   /usr/lib/x86_64-linux-gnu/libxcb-dri2.so.0.0.0
7f9d78902000-7f9d78b01000 ---p 00004000 08:06 10232948                   /usr/lib/x86_64-linux-gnu/libxcb-dri2.so.0.0.0
7f9d78b01000-7f9d78b02000 r--p 00003000 08:06 10232948                   /usr/lib/x86_64-linux-gnu/libxcb-dri2.so.0.0.0
7f9d78b02000-7f9d78b03000 rw-p 00004000 08:06 10232948                   /usr/lib/x86_64-linux-gnu/libxcb-dri2.so.0.0.0
7f9d78b03000-7f9d78b1a000 r-xp 00000000 08:06 10232952                   /usr/lib/x86_64-linux-gnu/libxcb-glx.so.0.0.0
7f9d78b1a000-7f9d78d19000 ---p 00017000 08:06 10232952                   /usr/lib/x86_64-linux-gnu/libxcb-glx.so.0.0.0
7f9d78d19000-7f9d78d1b000 r--p 00016000 08:06 10232952                   /usr/lib/x86_64-linux-gnu/libxcb-glx.so.0.0.0
7f9d78d1b000-7f9d78d1c000 rw-p 00018000 08:06 10232952                   /usr/lib/x86_64-linux-gnu/libxcb-glx.so.0.0.0
7f9d78d1c000-7f9d78d1d000 r-xp 00000000 08:06 10231596                   /usr/lib/x86_64-linux-gnu/libX11-xcb.so.1.0.0
7f9d78d1d000-7f9d78f1c000 ---p 00001000 08:06 10231596                   /usr/lib/x86_64-linux-gnu/libX11-xcb.so.1.0.0
7f9d78f1c000-7f9d78f1d000 r--p 00000000 08:06 10231596                   /usr/lib/x86_64-linux-gnu/libX11-xcb.so.1.0.0
7f9d78f1d000-7f9d78f1e000 rw-p 00001000 08:06 10231596                   /usr/lib/x86_64-linux-gnu/libX11-xcb.so.1.0.0
7f9d78f1e000-7f9d78f47000 r-xp 00000000 08:06 10232107                   /usr/lib/x86_64-linux-gnu/libglapi.so.0.0.0
7f9d78f47000-7f9d79146000 ---p 00029000 08:06 10232107                   /usr/lib/x86_64-linux-gnu/libglapi.so.0.0.0
7f9d79146000-7f9d7914a000 r--p 00028000 08:06 10232107                   /usr/lib/x86_64-linux-gnu/libglapi.so.0.0.0
7f9d7914a000-7f9d7914b000 rw-p 0002c000 08:06 10232107                   /usr/lib/x86_64-linux-gnu/libglapi.so.0.0.0
7f9d7914b000-7f9d7914c000 rw-p 00000000 00:00 0 
7f9d7914c000-7f9d7914d000 r-xp 00000000 08:06 10232992                   /usr/lib/x86_64-linux-gnu/libxshmfence.so.1.0.0
7f9d7914d000-7f9d7934d000 ---p 00001000 08:06 10232992                   /usr/lib/x86_64-linux-gnu/libxshmfence.so.1.0.0
7f9d7934d000-7f9d7934e000 r--p 00001000 08:06 10232992                   /usr/lib/x86_64-linux-gnu/libxshmfence.so.1.0.0
7f9d7934e000-7f9d7934f000 rw-p 00002000 08:06 10232992                   /usr/lib/x86_64-linux-gnu/libxshmfence.so.1.0.0
7f9d7934f000-7f9d79354000 r-xp 00000000 08:06 10232972                   /usr/lib/x86_64-linux-gnu/libxcb-sync.so.1.0.0
7f9d79354000-7f9d79554000 ---p 00005000 08:06 10232972                   /usr/lib/x86_64-linux-gnu/libxcb-sync.so.1.0.0
7f9d79554000-7f9d79555000 r--p 00005000 08:06 10232972                   /usr/lib/x86_64-linux-gnu/libxcb-sync.so.1.0.0
7f9d79555000-7f9d79556000 rw-p 00006000 08:06 10232972                   /usr/lib/x86_64-linux-gnu/libxcb-sync.so.1.0.0
7f9d79556000-7f9d79558000 r-xp 00000000 08:06 10232960                   /usr/lib/x86_64-linux-gnu/libxcb-present.so.0.0.0
7f9d79558000-7f9d79757000 ---p 00002000 08:06 10232960                   /usr/lib/x86_64-linux-gnu/libxcb-present.so.0.0.0
7f9d79757000-7f9d79758000 r--p 00001000 08:06 10232960                   /usr/lib/x86_64-linux-gnu/libxcb-present.so.0.0.0
7f9d79758000-7f9d79759000 rw-p 00002000 08:06 10232960                   /usr/lib/x86_64-linux-gnu/libxcb-present.so.0.0.0
7f9d79759000-7f9d7975b000 r-xp 00000000 08:06 10232950                   /usr/lib/x86_64-linux-gnu/libxcb-dri3.so.0.0.0
7f9d7975b000-7f9d7995a000 ---p 00002000 08:06 10232950                   /usr/lib/x86_64-linux-gnu/libxcb-dri3.so.0.0.0
7f9d7995a000-7f9d7995b000 r--p 00001000 08:06 10232950                   /usr/lib/x86_64-linux-gnu/libxcb-dri3.so.0.0.0
7f9d7995b000-7f9d7995c000 rw-p 00002000 08:06 10232950                   /usr/lib/x86_64-linux-gnu/libxcb-dri3.so.0.0.0
7f9d7995c000-7f9d799ca000 r-xp 00000000 08:06 9179692                    /lib/x86_64-linux-gnu/libpcre.so.3.13.2
7f9d799ca000-7f9d79bca000 ---p 0006e000 08:06 9179692                    /lib/x86_64-linux-gnu/libpcre.so.3.13.2
7f9d79bca000-7f9d79bcb000 r--p 0006e000 08:06 9179692                    /lib/x86_64-linux-gnu/libpcre.so.3.13.2
7f9d79bcb000-7f9d79bcc000 rw-p 0006f000 08:06 9179692                    /lib/x86_64-linux-gnu/libpcre.so.3.13.2
7f9d79bcc000-7f9d79bd3000 r-xp 00000000 08:06 10231984                   /usr/lib/x86_64-linux-gnu/libffi.so.6.0.4
7f9d79bd3000-7f9d79dd2000 ---p 00007000 08:06 10231984                   /usr/lib/x86_64-linux-gnu/libffi.so.6.0.4
7f9d79dd2000-7f9d79dd3000 r--p 00006000 08:06 10231984                   /usr/lib/x86_64-linux-gnu/libffi.so.6.0.4
7f9d79dd3000-7f9d79dd4000 rw-p 00007000 08:06 10231984                   /usr/lib/x86_64-linux-gnu/libffi.so.6.0.4
7f9d79dd4000-7f9d79dfa000 r-xp 00000000 08:06 9182944                    /lib/x86_64-linux-gnu/libexpat.so.1.6.0
7f9d79dfa000-7f9d79ffa000 ---p 00026000 08:06 9182944                    /lib/x86_64-linux-gnu/libexpat.so.1.6.0
7f9d79ffa000-7f9d79ffc000 r--p 00026000 08:06 9182944                    /lib/x86_64-linux-gnu/libexpat.so.1.6.0
7f9d79ffc000-7f9d79ffd000 rw-p 00028000 08:06 9182944                    /lib/x86_64-linux-gnu/libexpat.so.1.6.0
7f9d79ffd000-7f9d7a005000 r-xp 00000000 08:06 10232758                   /usr/lib/x86_64-linux-gnu/libthai.so.0.2.4
7f9d7a005000-7f9d7a204000 ---p 00008000 08:06 10232758                   /usr/lib/x86_64-linux-gnu/libthai.so.0.2.4
7f9d7a204000-7f9d7a205000 r--p 00007000 08:06 10232758                   /usr/lib/x86_64-linux-gnu/libthai.so.0.2.4
7f9d7a205000-7f9d7a206000 rw-p 00008000 08:06 10232758                   /usr/lib/x86_64-linux-gnu/libthai.so.0.2.4
7f9d7a206000-7f9d7a227000 r-xp 00000000 08:06 10232980                   /usr/lib/x86_64-linux-gnu/libxcb.so.1.1.0
7f9d7a227000-7f9d7a426000 ---p 00021000 08:06 10232980                   /usr/lib/x86_64-linux-gnu/libxcb.so.1.1.0
7f9d7a426000-7f9d7a427000 r--p 00020000 08:06 10232980                   /usr/lib/x86_64-linux-gnu/libxcb.so.1.1.0
7f9d7a427000-7f9d7a428000 rw-p 00021000 08:06 10232980                   /usr/lib/x86_64-linux-gnu/libxcb.so.1.1.0
7f9d7a428000-7f9d7a430000 r-xp 00000000 08:06 10232966                   /usr/lib/x86_64-linux-gnu/libxcb-render.so.0.0.0
7f9d7a430000-7f9d7a630000 ---p 00008000 08:06 10232966                   /usr/lib/x86_64-linux-gnu/libxcb-render.so.0.0.0
7f9d7a630000-7f9d7a631000 r--p 00008000 08:06 10232966                   /usr/lib/x86_64-linux-gnu/libxcb-render.so.0.0.0
7f9d7a631000-7f9d7a632000 rw-p 00009000 08:06 10232966                   /usr/lib/x86_64-linux-gnu/libxcb-render.so.0.0.0
7f9d7a632000-7f9d7a634000 r-xp 00000000 08:06 10232970                   /usr/lib/x86_64-linux-gnu/libxcb-shm.so.0.0.0
7f9d7a634000-7f9d7a834000 ---p 00002000 08:06 10232970                   /usr/lib/x86_64-linux-gnu/libxcb-shm.so.0.0.0
7f9d7a834000-7f9d7a835000 r--p 00002000 08:06 10232970                   /usr/lib/x86_64-linux-gnu/libxcb-shm.so.0.0.0
7f9d7a835000-7f9d7a836000 rw-p 00003000 08:06 10232970                   /usr/lib/x86_64-linux-gnu/libxcb-shm.so.0.0.0
7f9d7a836000-7f9d7a85a000 r-xp 00000000 08:06 9179704                    /lib/x86_64-linux-gnu/libpng12.so.0.54.0
7f9d7a85a000-7f9d7aa59000 ---p 00024000 08:06 9179704                    /lib/x86_64-linux-gnu/libpng12.so.0.54.0
7f9d7aa59000-7f9d7aa5a000 r--p 00023000 08:06 9179704                    /lib/x86_64-linux-gnu/libpng12.so.0.54.0
7f9d7aa5a000-7f9d7aa5b000 rw-p 00024000 08:06 9179704                    /lib/x86_64-linux-gnu/libpng12.so.0.54.0
7f9d7aa5b000-7f9d7aafa000 r-xp 00000000 08:06 10232563                   /usr/lib/x86_64-linux-gnu/libpixman-1.so.0.33.6
7f9d7aafa000-7f9d7acfa000 ---p 0009f000 08:06 10232563                   /usr/lib/x86_64-linux-gnu/libpixman-1.so.0.33.6
7f9d7acfa000-7f9d7ad02000 r--p 0009f000 08:06 10232563                   /usr/lib/x86_64-linux-gnu/libpixman-1.so.0.33.6
7f9d7ad02000-7f9d7ad03000 rw-p 000a7000 08:06 10232563                   /usr/lib/x86_64-linux-gnu/libpixman-1.so.0.33.6
7f9d7ad03000-7f9d7ad5f000 r-xp 00000000 08:06 10232245                   /usr/lib/x86_64-linux-gnu/libharfbuzz.so.0.10000.1
7f9d7ad5f000-7f9d7af5f000 ---p 0005c000 08:06 10232245                   /usr/lib/x86_64-linux-gnu/libharfbuzz.so.0.10000.1
7f9d7af5f000-7f9d7af60000 r--p 0005c000 08:06 10232245                   /usr/lib/x86_64-linux-gnu/libharfbuzz.so.0.10000.1
7f9d7af60000-7f9d7af61000 rw-p 0005d000 08:06 10232245                   /usr/lib/x86_64-linux-gnu/libharfbuzz.so.0.10000.1
7f9d7af61000-7f9d7af78000 r-xp 00000000 08:06 9179715                    /lib/x86_64-linux-gnu/libresolv-2.23.so
7f9d7af78000-7f9d7b178000 ---p 00017000 08:06 9179715                    /lib/x86_64-linux-gnu/libresolv-2.23.so
7f9d7b178000-7f9d7b179000 r--p 00017000 08:06 9179715                    /lib/x86_64-linux-gnu/libresolv-2.23.so
7f9d7b179000-7f9d7b17a000 rw-p 00018000 08:06 9179715                    /lib/x86_64-linux-gnu/libresolv-2.23.so
7f9d7b17a000-7f9d7b17c000 rw-p 00000000 00:00 0 
7f9d7b17c000-7f9d7b19b000 r-xp 00000000 08:06 9179721                    /lib/x86_64-linux-gnu/libselinux.so.1
7f9d7b19b000-7f9d7b39a000 ---p 0001f000 08:06 9179721                    /lib/x86_64-linux-gnu/libselinux.so.1
7f9d7b39a000-7f9d7b39b000 r--p 0001e000 08:06 9179721                    /lib/x86_64-linux-gnu/libselinux.so.1
7f9d7b39b000-7f9d7b39c000 rw-p 0001f000 08:06 9179721                    /lib/x86_64-linux-gnu/libselinux.so.1
7f9d7b39c000-7f9d7b39e000 rw-p 00000000 00:00 0 
7f9d7b39e000-7f9d7b3b7000 r-xp 00000000 08:06 9179754                    /lib/x86_64-linux-gnu/libz.so.1.2.8
7f9d7b3b7000-7f9d7b5b6000 ---p 00019000 08:06 9179754                    /lib/x86_64-linux-gnu/libz.so.1.2.8
7f9d7b5b6000-7f9d7b5b7000 r--p 00018000 08:06 9179754                    /lib/x86_64-linux-gnu/libz.so.1.2.8
7f9d7b5b7000-7f9d7b5b8000 rw-p 00019000 08:06 9179754                    /lib/x86_64-linux-gnu/libz.so.1.2.8
7f9d7b5b8000-7f9d7b5c9000 r-xp 00000000 08:06 10231615                   /usr/lib/x86_64-linux-gnu/libXext.so.6.4.0
7f9d7b5c9000-7f9d7b7c8000 ---p 00011000 08:06 10231615                   /usr/lib/x86_64-linux-gnu/libXext.so.6.4.0
7f9d7b7c8000-7f9d7b7c9000 r--p 00010000 08:06 10231615                   /usr/lib/x86_64-linux-gnu/libXext.so.6.4.0
7f9d7b7c9000-7f9d7b7ca000 rw-p 00011000 08:06 10231615                   /usr/lib/x86_64-linux-gnu/libXext.so.6.4.0
7f9d7b7ca000-7f9d7b7cc000 r-xp 00000000 08:06 10231611                   /usr/lib/x86_64-linux-gnu/libXdamage.so.1.1.0
7f9d7b7cc000-7f9d7b9cb000 ---p 00002000 08:06 10231611                   /usr/lib/x86_64-linux-gnu/libXdamage.so.1.1.0
7f9d7b9cb000-7f9d7b9cc000 r--p 00001000 08:06 10231611                   /usr/lib/x86_64-linux-gnu/libXdamage.so.1.1.0
7f9d7b9cc000-7f9d7b9cd000 rw-p 00002000 08:06 10231611                   /usr/lib/x86_64-linux-gnu/libXdamage.so.1.1.0
7f9d7b9cd000-7f9d7b9cf000 r-xp 00000000 08:06 10231607                   /usr/lib/x86_64-linux-gnu/libXcomposite.so.1.0.0
7f9d7b9cf000-7f9d7bbce000 ---p 00002000 08:06 10231607                   /usr/lib/x86_64-linux-gnu/libXcomposite.so.1.0.0
7f9d7bbce000-7f9d7bbcf000 r--p 00001000 08:06 10231607                   /usr/lib/x86_64-linux-gnu/libXcomposite.so.1.0.0
7f9d7bbcf000-7f9d7bbd0000 rw-p 00002000 08:06 10231607                   /usr/lib/x86_64-linux-gnu/libXcomposite.so.1.0.0
7f9d7bbd0000-7f9d7bbd9000 r-xp 00000000 08:06 10231609                   /usr/lib/x86_64-linux-gnu/libXcursor.so.1.0.2
7f9d7bbd9000-7f9d7bdd8000 ---p 00009000 08:06 10231609                   /usr/lib/x86_64-linux-gnu/libXcursor.so.1.0.2
7f9d7bdd8000-7f9d7bdd9000 r--p 00008000 08:06 10231609                   /usr/lib/x86_64-linux-gnu/libXcursor.so.1.0.2
7f9d7bdd9000-7f9d7bdda000 rw-p 00009000 08:06 10231609                   /usr/lib/x86_64-linux-gnu/libXcursor.so.1.0.2
7f9d7bdda000-7f9d7bde4000 r-xp 00000000 08:06 10231633                   /usr/lib/x86_64-linux-gnu/libXrandr.so.2.2.0
7f9d7bde4000-7f9d7bfe3000 ---p 0000a000 08:06 10231633                   /usr/lib/x86_64-linux-gnu/libXrandr.so.2.2.0
7f9d7bfe3000-7f9d7bfe4000 r--p 00009000 08:06 10231633                   /usr/lib/x86_64-linux-gnu/libXrandr.so.2.2.0
7f9d7bfe4000-7f9d7bfe5000 rw-p 0000a000 08:06 10231633                   /usr/lib/x86_64-linux-gnu/libXrandr.so.2.2.0
7f9d7bfe5000-7f9d7bff4000 r-xp 00000000 08:06 10231623                   /usr/lib/x86_64-linux-gnu/libXi.so.6.1.0
7f9d7bff4000-7f9d7c1f3000 ---p 0000f000 08:06 10231623                   /usr/lib/x86_64-linux-gnu/libXi.so.6.1.0
7f9d7c1f3000-7f9d7c1f4000 r--p 0000e000 08:06 10231623                   /usr/lib/x86_64-linux-gnu/libXi.so.6.1.0
7f9d7c1f4000-7f9d7c1f5000 rw-p 0000f000 08:06 10231623                   /usr/lib/x86_64-linux-gnu/libXi.so.6.1.0
7f9d7c1f5000-7f9d7c1f7000 r-xp 00000000 08:06 10231625                   /usr/lib/x86_64-linux-gnu/libXinerama.so.1.0.0
7f9d7c1f7000-7f9d7c3f6000 ---p 00002000 08:06 10231625                   /usr/lib/x86_64-linux-gnu/libXinerama.so.1.0.0
7f9d7c3f6000-7f9d7c3f7000 r--p 00001000 08:06 10231625                   /usr/lib/x86_64-linux-gnu/libXinerama.so.1.0.0
7f9d7c3f7000-7f9d7c3f8000 rw-p 00002000 08:06 10231625                   /usr/lib/x86_64-linux-gnu/libXinerama.so.1.0.0
7f9d7c3f8000-7f9d7c401000 r-xp 00000000 08:06 10231635                   /usr/lib/x86_64-linux-gnu/libXrender.so.1.3.0
7f9d7c401000-7f9d7c600000 ---p 00009000 08:06 10231635                   /usr/lib/x86_64-linux-gnu/libXrender.so.1.3.0
7f9d7c600000-7f9d7c601000 r--p 00008000 08:06 10231635                   /usr/lib/x86_64-linux-gnu/libXrender.so.1.3.0
7f9d7c601000-7f9d7c602000 rw-p 00009000 08:06 10231635                   /usr/lib/x86_64-linux-gnu/libXrender.so.1.3.0
7f9d7c602000-7f9d7c607000 r-xp 00000000 08:06 10231617                   /usr/lib/x86_64-linux-gnu/libXfixes.so.3.1.0
7f9d7c607000-7f9d7c806000 ---p 00005000 08:06 10231617                   /usr/lib/x86_64-linux-gnu/libXfixes.so.3.1.0
7f9d7c806000-7f9d7c807000 r--p 00004000 08:06 10231617                   /usr/lib/x86_64-linux-gnu/libXfixes.so.3.1.0
7f9d7c807000-7f9d7c808000 rw-p 00005000 08:06 10231617                   /usr/lib/x86_64-linux-gnu/libXfixes.so.3.1.0
7f9d7c808000-7f9d7c81e000 r-xp 00000000 08:06 9179601                    /lib/x86_64-linux-gnu/libgcc_s.so.1
7f9d7c81e000-7f9d7ca1d000 ---p 00016000 08:06 9179601                    /lib/x86_64-linux-gnu/libgcc_s.so.1
7f9d7ca1d000-7f9d7ca1e000 rw-p 00015000 08:06 9179601                    /lib/x86_64-linux-gnu/libgcc_s.so.1
7f9d7ca1e000-7f9d7cb90000 r-xp 00000000 08:06 10225660                   /usr/lib/x86_64-linux-gnu/libstdc++.so.6.0.21
7f9d7cb90000-7f9d7cd90000 ---p 00172000 08:06 10225660                   /usr/lib/x86_64-linux-gnu/libstdc++.so.6.0.21
7f9d7cd90000-7f9d7cd9a000 r--p 00172000 08:06 10225660                   /usr/lib/x86_64-linux-gnu/libstdc++.so.6.0.21
7f9d7cd9a000-7f9d7cd9c000 rw-p 0017c000 08:06 10225660                   /usr/lib/x86_64-linux-gnu/libstdc++.so.6.0.21
7f9d7cd9c000-7f9d7cda0000 rw-p 00000000 00:00 0 
7f9d7cda0000-7f9d7ce0d000 r-xp 00000000 08:06 10489210                   /usr/lib/x86_64-linux-gnu/mesa/libGL.so.1.2.0
7f9d7ce0d000-7f9d7d00c000 ---p 0006d000 08:06 10489210                   /usr/lib/x86_64-linux-gnu/mesa/libGL.so.1.2.0
7f9d7d00c000-7f9d7d00f000 r--p 0006c000 08:06 10489210                   /usr/lib/x86_64-linux-gnu/mesa/libGL.so.1.2.0
7f9d7d00f000-7f9d7d010000 rw-p 0006f000 08:06 10489210                   /usr/lib/x86_64-linux-gnu/mesa/libGL.so.1.2.0
7f9d7d010000-7f9d7d011000 rw-p 00000000 00:00 0 
7f9d7d011000-7f9d7d016000 r-xp 00000000 08:06 10231651                   /usr/lib/x86_64-linux-gnu/libXxf86vm.so.1.0.0
7f9d7d016000-7f9d7d215000 ---p 00005000 08:06 10231651                   /usr/lib/x86_64-linux-gnu/libXxf86vm.so.1.0.0
7f9d7d215000-7f9d7d216000 r--p 00004000 08:06 10231651                   /usr/lib/x86_64-linux-gnu/libXxf86vm.so.1.0.0
7f9d7d216000-7f9d7d217000 rw-p 00005000 08:06 10231651                   /usr/lib/x86_64-linux-gnu/libXxf86vm.so.1.0.0
7f9d7d217000-7f9d7d34c000 r-xp 00000000 08:06 10231598                   /usr/lib/x86_64-linux-gnu/libX11.so.6.3.0
7f9d7d34c000-7f9d7d54c000 ---p 00135000 08:06 10231598                   /usr/lib/x86_64-linux-gnu/libX11.so.6.3.0
7f9d7d54c000-7f9d7d54d000 r--p 00135000 08:06 10231598                   /usr/lib/x86_64-linux-gnu/libX11.so.6.3.0
7f9d7d54d000-7f9d7d551000 rw-p 00136000 08:06 10231598                   /usr/lib/x86_64-linux-gnu/libX11.so.6.3.0
7f9d7d551000-7f9d7d556000 r-xp 00000000 08:06 10231641                   /usr/lib/x86_64-linux-gnu/libXtst.so.6.1.0
7f9d7d556000-7f9d7d755000 ---p 00005000 08:06 10231641                   /usr/lib/x86_64-linux-gnu/libXtst.so.6.1.0
7f9d7d755000-7f9d7d756000 r--p 00004000 08:06 10231641                   /usr/lib/x86_64-linux-gnu/libXtst.so.6.1.0
7f9d7d756000-7f9d7d757000 rw-p 00005000 08:06 10231641                   /usr/lib/x86_64-linux-gnu/libXtst.so.6.1.0
7f9d7d757000-7f9d7d865000 r-xp 00000000 08:06 9179605                    /lib/x86_64-linux-gnu/libglib-2.0.so.0.4800.0
7f9d7d865000-7f9d7da65000 ---p 0010e000 08:06 9179605                    /lib/x86_64-linux-gnu/libglib-2.0.so.0.4800.0
7f9d7da65000-7f9d7da66000 r--p 0010e000 08:06 9179605                    /lib/x86_64-linux-gnu/libglib-2.0.so.0.4800.0
7f9d7da66000-7f9d7da67000 rw-p 0010f000 08:06 9179605                    /lib/x86_64-linux-gnu/libglib-2.0.so.0.4800.0
7f9d7da67000-7f9d7da68000 rw-p 00000000 00:00 0 
7f9d7da68000-7f9d7da69000 r-xp 00000000 08:06 10232212                   /usr/lib/x86_64-linux-gnu/libgthread-2.0.so.0.4800.0
7f9d7da69000-7f9d7dc68000 ---p 00001000 08:06 10232212                   /usr/lib/x86_64-linux-gnu/libgthread-2.0.so.0.4800.0
7f9d7dc68000-7f9d7dc69000 r--p 00000000 08:06 10232212                   /usr/lib/x86_64-linux-gnu/libgthread-2.0.so.0.4800.0
7f9d7dc69000-7f9d7dc6a000 rw-p 00001000 08:06 10232212                   /usr/lib/x86_64-linux-gnu/libgthread-2.0.so.0.4800.0
7f9d7dc6a000-7f9d7dc6d000 r-xp 00000000 08:06 10232115                   /usr/lib/x86_64-linux-gnu/libgmodule-2.0.so.0.4800.0
7f9d7dc6d000-7f9d7de6c000 ---p 00003000 08:06 10232115                   /usr/lib/x86_64-linux-gnu/libgmodule-2.0.so.0.4800.0
7f9d7de6c000-7f9d7de6d000 r--p 00002000 08:06 10232115                   /usr/lib/x86_64-linux-gnu/libgmodule-2.0.so.0.4800.0
7f9d7de6d000-7f9d7de6e000 rw-p 00003000 08:06 10232115                   /usr/lib/x86_64-linux-gnu/libgmodule-2.0.so.0.4800.0
7f9d7de6e000-7f9d7dec0000 r-xp 00000000 08:06 10232139                   /usr/lib/x86_64-linux-gnu/libgobject-2.0.so.0.4800.0
7f9d7dec0000-7f9d7e0bf000 ---p 00052000 08:06 10232139                   /usr/lib/x86_64-linux-gnu/libgobject-2.0.so.0.4800.0
7f9d7e0bf000-7f9d7e0c0000 r--p 00051000 08:06 10232139                   /usr/lib/x86_64-linux-gnu/libgobject-2.0.so.0.4800.0
7f9d7e0c0000-7f9d7e0c1000 rw-p 00052000 08:06 10232139                   /usr/lib/x86_64-linux-gnu/libgobject-2.0.so.0.4800.0
7f9d7e0c1000-7f9d7e0fe000 r-xp 00000000 08:06 10231998                   /usr/lib/x86_64-linux-gnu/libfontconfig.so.1.9.0
7f9d7e0fe000-7f9d7e2fd000 ---p 0003d000 08:06 10231998                   /usr/lib/x86_64-linux-gnu/libfontconfig.so.1.9.0
7f9d7e2fd000-7f9d7e2ff000 r--p 0003c000 08:06 10231998                   /usr/lib/x86_64-linux-gnu/libfontconfig.so.1.9.0
7f9d7e2ff000-7f9d7e304000 rw-p 0003e000 08:06 10231998                   /usr/lib/x86_64-linux-gnu/libfontconfig.so.1.9.0
7f9d7e304000-7f9d7e3a8000 r-xp 00000000 08:06 10232032                   /usr/lib/x86_64-linux-gnu/libfreetype.so.6.12.1
7f9d7e3a8000-7f9d7e5a7000 ---p 000a4000 08:06 10232032                   /usr/lib/x86_64-linux-gnu/libfreetype.so.6.12.1
7f9d7e5a7000-7f9d7e5ad000 r--p 000a3000 08:06 10232032                   /usr/lib/x86_64-linux-gnu/libfreetype.so.6.12.1
7f9d7e5ad000-7f9d7e5ae000 rw-p 000a9000 08:06 10232032                   /usr/lib/x86_64-linux-gnu/libfreetype.so.6.12.1
7f9d7e5ae000-7f9d7e5f7000 r-xp 00000000 08:06 10232533                   /usr/lib/x86_64-linux-gnu/libpango-1.0.so.0.3800.1
7f9d7e5f7000-7f9d7e7f7000 ---p 00049000 08:06 10232533                   /usr/lib/x86_64-linux-gnu/libpango-1.0.so.0.3800.1
7f9d7e7f7000-7f9d7e7f9000 r--p 00049000 08:06 10232533                   /usr/lib/x86_64-linux-gnu/libpango-1.0.so.0.3800.1
7f9d7e7f9000-7f9d7e7fa000 rw-p 0004b000 08:06 10232533                   /usr/lib/x86_64-linux-gnu/libpango-1.0.so.0.3800.1
7f9d7e7fa000-7f9d7e908000 r-xp 00000000 08:06 10231762                   /usr/lib/x86_64-linux-gnu/libcairo.so.2.11400.6
7f9d7e908000-7f9d7eb08000 ---p 0010e000 08:06 10231762                   /usr/lib/x86_64-linux-gnu/libcairo.so.2.11400.6
7f9d7eb08000-7f9d7eb0b000 r--p 0010e000 08:06 10231762                   /usr/lib/x86_64-linux-gnu/libcairo.so.2.11400.6
7f9d7eb0b000-7f9d7eb0c000 rw-p 00111000 08:06 10231762                   /usr/lib/x86_64-linux-gnu/libcairo.so.2.11400.6
7f9d7eb0c000-7f9d7eb0e000 rw-p 00000000 00:00 0 
7f9d7eb0e000-7f9d7eb1a000 r-xp 00000000 08:06 10232535                   /usr/lib/x86_64-linux-gnu/libpangocairo-1.0.so.0.3800.1
7f9d7eb1a000-7f9d7ed19000 ---p 0000c000 08:06 10232535                   /usr/lib/x86_64-linux-gnu/libpangocairo-1.0.so.0.3800.1
7f9d7ed19000-7f9d7ed1a000 r--p 0000b000 08:06 10232535                   /usr/lib/x86_64-linux-gnu/libpangocairo-1.0.so.0.3800.1
7f9d7ed1a000-7f9d7ed1b000 rw-p 0000c000 08:06 10232535                   /usr/lib/x86_64-linux-gnu/libpangocairo-1.0.so.0.3800.1
7f9d7ed1b000-7f9d7ed3c000 r-xp 00000000 08:06 10232073                   /usr/lib/x86_64-linux-gnu/libgdk_pixbuf-2.0.so.0.3200.2
7f9d7ed3c000-7f9d7ef3b000 ---p 00021000 08:06 10232073                   /usr/lib/x86_64-linux-gnu/libgdk_pixbuf-2.0.so.0.3200.2
7f9d7ef3b000-7f9d7ef3c000 r--p 00020000 08:06 10232073                   /usr/lib/x86_64-linux-gnu/libgdk_pixbuf-2.0.so.0.3200.2
7f9d7ef3c000-7f9d7ef3d000 rw-p 00021000 08:06 10232073                   /usr/lib/x86_64-linux-gnu/libgdk_pixbuf-2.0.so.0.3200.2
7f9d7ef3d000-7f9d7ef51000 r-xp 00000000 08:06 10232537                   /usr/lib/x86_64-linux-gnu/libpangoft2-1.0.so.0.3800.1
7f9d7ef51000-7f9d7f151000 ---p 00014000 08:06 10232537                   /usr/lib/x86_64-linux-gnu/libpangoft2-1.0.so.0.3800.1
7f9d7f151000-7f9d7f152000 r--p 00014000 08:06 10232537                   /usr/lib/x86_64-linux-gnu/libpangoft2-1.0.so.0.3800.1
7f9d7f152000-7f9d7f153000 rw-p 00015000 08:06 10232537                   /usr/lib/x86_64-linux-gnu/libpangoft2-1.0.so.0.3800.1
7f9d7f153000-7f9d7f2d3000 r-xp 00000000 08:06 10232101                   /usr/lib/x86_64-linux-gnu/libgio-2.0.so.0.4800.0
7f9d7f2d3000-7f9d7f4d3000 ---p 00180000 08:06 10232101                   /usr/lib/x86_64-linux-gnu/libgio-2.0.so.0.4800.0
7f9d7f4d3000-7f9d7f4d7000 r--p 00180000 08:06 10232101                   /usr/lib/x86_64-linux-gnu/libgio-2.0.so.0.4800.0
7f9d7f4d7000-7f9d7f4d9000 rw-p 00184000 08:06 10232101                   /usr/lib/x86_64-linux-gnu/libgio-2.0.so.0.4800.0
7f9d7f4d9000-7f9d7f4db000 rw-p 00000000 00:00 0 
7f9d7f4db000-7f9d7f4fd000 r-xp 00000000 08:06 10231706                   /usr/lib/x86_64-linux-gnu/libatk-1.0.so.0.21809.1
7f9d7f4fd000-7f9d7f6fc000 ---p 00022000 08:06 10231706                   /usr/lib/x86_64-linux-gnu/libatk-1.0.so.0.21809.1
7f9d7f6fc000-7f9d7f6ff000 r--p 00021000 08:06 10231706                   /usr/lib/x86_64-linux-gnu/libatk-1.0.so.0.21809.1
7f9d7f6ff000-7f9d7f700000 rw-p 00024000 08:06 10231706                   /usr/lib/x86_64-linux-gnu/libatk-1.0.so.0.21809.1
7f9d7f700000-7f9d7f7b0000 r-xp 00000000 08:06 10232071                   /usr/lib/x86_64-linux-gnu/libgdk-x11-2.0.so.0.2400.30
7f9d7f7b0000-7f9d7f9af000 ---p 000b0000 08:06 10232071                   /usr/lib/x86_64-linux-gnu/libgdk-x11-2.0.so.0.2400.30
7f9d7f9af000-7f9d7f9b3000 r--p 000af000 08:06 10232071                   /usr/lib/x86_64-linux-gnu/libgdk-x11-2.0.so.0.2400.30
7f9d7f9b3000-7f9d7f9b5000 rw-p 000b3000 08:06 10232071                   /usr/lib/x86_64-linux-gnu/libgdk-x11-2.0.so.0.2400.30
7f9d7f9b5000-7f9d7fdf3000 r-xp 00000000 08:06 10232216                   /usr/lib/x86_64-linux-gnu/libgtk-x11-2.0.so.0.2400.30
7f9d7fdf3000-7f9d7fff2000 ---p 0043e000 08:06 10232216                   /usr/lib/x86_64-linux-gnu/libgtk-x11-2.0.so.0.2400.30
7f9d7fff2000-7f9d7fff9000 r--p 0043d000 08:06 10232216                   /usr/lib/x86_64-linux-gnu/libgtk-x11-2.0.so.0.2400.30
7f9d7fff9000-7f9d7fffd000 rw-p 00444000 08:06 10232216                   /usr/lib/x86_64-linux-gnu/libgtk-x11-2.0.so.0.2400.30
7f9d7fffd000-7f9d80000000 rw-p 00000000 00:00 0 
7f9d80000000-7f9d80021000 rw-p 00000000 00:00 0 
7f9d80021000-7f9d84000000 ---p 00000000 00:00 0 
7f9d84000000-7f9d856e4000 rw-p 00000000 00:00 0 
7f9d856e4000-7f9d88000000 ---p 00000000 00:00 0 
7f9d88000000-7f9d8802f000 rw-p 00000000 00:00 0 
7f9d8802f000-7f9d8c000000 ---p 00000000 00:00 0 
7f9d8c000000-7f9d8c021000 rw-p 00000000 00:00 0 
7f9d8c021000-7f9d90000000 ---p 00000000 00:00 0 
7f9d90000000-7f9d900c7000 rw-p 00000000 00:00 0 
7f9d900c7000-7f9d94000000 ---p 00000000 00:00 0 
7f9d94000000-7f9d94259000 rw-p 00000000 00:00 0 
7f9d94259000-7f9d98000000 ---p 00000000 00:00 0 
7f9d98000000-7f9d98022000 rw-p 00000000 00:00 0 
7f9d98022000-7f9d9c000000 ---p 00000000 00:00 0 
7f9d9c000000-7f9d9c021000 rw-p 00000000 00:00 0 
7f9d9c021000-7f9da0000000 ---p 00000000 00:00 0 
7f9da0000000-7f9da0021000 rw-p 00000000 00:00 0 
7f9da0021000-7f9da4000000 ---p 00000000 00:00 0 
7f9da4000000-7f9da42b1000 rw-p 00000000 00:00 0 
7f9da42b1000-7f9da8000000 ---p 00000000 00:00 0 
7f9da8000000-7f9da8021000 rw-p 00000000 00:00 0 
7f9da8021000-7f9dac000000 ---p 00000000 00:00 0 
7f9dac000000-7f9dac021000 rw-p 00000000 00:00 0 
7f9dac021000-7f9db0000000 ---p 00000000 00:00 0 
7f9db0000000-7f9db0021000 rw-p 00000000 00:00 0 
7f9db0021000-7f9db4000000 ---p 00000000 00:00 0 
7f9db4000000-7f9db4021000 rw-p 00000000 00:00 0 
7f9db4021000-7f9db8000000 ---p 00000000 00:00 0 
7f9db8000000-7f9db8021000 rw-p 00000000 00:00 0 
7f9db8021000-7f9dbc000000 ---p 00000000 00:00 0 
7f9dbc000000-7f9dbc021000 rw-p 00000000 00:00 0 
7f9dbc021000-7f9dc0000000 ---p 00000000 00:00 0 
7f9dc0000000-7f9dc0021000 rw-p 00000000 00:00 0 
7f9dc0021000-7f9dc4000000 ---p 00000000 00:00 0 
7f9dc4041000-7f9dc40c1000 r-xp 00000000 08:06 9179731                    /lib/x86_64-linux-gnu/libsystemd.so.0.14.0
7f9dc40c1000-7f9dc40c4000 r--p 0007f000 08:06 9179731                    /lib/x86_64-linux-gnu/libsystemd.so.0.14.0
7f9dc40c4000-7f9dc40c5000 rw-p 00082000 08:06 9179731                    /lib/x86_64-linux-gnu/libsystemd.so.0.14.0
7f9dc40c5000-7f9dc40c6000 rw-p 00000000 00:00 0 
7f9dc40cd000-7f9dc40d5000 rw-s 00000000 00:05 1427874                    /drm mm object (deleted)
7f9dc40d5000-7f9dc40dd000 rw-s 00000000 00:05 1427864                    /drm mm object (deleted)
7f9dc40dd000-7f9dc40fb000 r-xp 00000000 08:06 9179737                    /lib/x86_64-linux-gnu/libudev.so.1.6.4
7f9dc40fb000-7f9dc40fc000 r--p 0001d000 08:06 9179737                    /lib/x86_64-linux-gnu/libudev.so.1.6.4
7f9dc40fc000-7f9dc40fd000 rw-p 0001e000 08:06 9179737                    /lib/x86_64-linux-gnu/libudev.so.1.6.4
7f9dc40ff000-7f9dc4104000 r--p 00000000 08:06 13373869                   /home/mariusz/.config/dconf/user
7f9dc4104000-7f9dc410c000 rw-s 00000000 00:05 1417190                    /drm mm object (deleted)
7f9dc410c000-7f9dc4114000 rw-s 00000000 00:05 1417185                    /drm mm object (deleted)
7f9dc4114000-7f9dc4120000 r-xp 00000000 08:06 10882654                   /usr/lib/jvm/java-8-oracle/jre/lib/amd64/libprism_es2.so
7f9dc4120000-7f9dc431f000 ---p 0000c000 08:06 10882654                   /usr/lib/jvm/java-8-oracle/jre/lib/amd64/libprism_es2.so
7f9dc431f000-7f9dc4320000 rw-p 0000b000 08:06 10882654                   /usr/lib/jvm/java-8-oracle/jre/lib/amd64/libprism_es2.so
7f9dc4320000-7f9dc4323000 ---p 00000000 00:00 0 
7f9dc4323000-7f9dc4421000 rw-p 00000000 00:00 0 
7f9dc4421000-7f9dc44b7000 r--s 01102000 08:06 10880279                   /usr/lib/jvm/java-8-oracle/jre/lib/ext/jfxrt.jar
7f9dc44b7000-7f9dc44ca000 r--s 00344000 08:06 10759015                   /usr/lib/jvm/java-8-oracle/jre/lib/resources.jar
7f9dc44ca000-7f9dc44e5000 r--s 00208000 08:06 10758956                   /usr/lib/jvm/java-8-oracle/jre/lib/deploy.jar
7f9dc44e5000-7f9dc44e6000 ---p 00000000 00:00 0 
7f9dc44e6000-7f9dc45e6000 rw-p 00000000 00:00 0 
7f9dc45e6000-7f9dc45e9000 ---p 00000000 00:00 0 
7f9dc45e9000-7f9dc46e7000 rw-p 00000000 00:00 0 
7f9dc46e7000-7f9dc46ea000 ---p 00000000 00:00 0 
7f9dc46ea000-7f9dc47e8000 rw-p 00000000 00:00 0 
7f9dc47e8000-7f9dc47eb000 ---p 00000000 00:00 0 
7f9dc47eb000-7f9dc48e9000 rw-p 00000000 00:00 0 
7f9dc48e9000-7f9dc48ec000 ---p 00000000 00:00 0 
7f9dc48ec000-7f9dc49ea000 rw-p 00000000 00:00 0 
7f9dc49ea000-7f9dc49ed000 ---p 00000000 00:00 0 
7f9dc49ed000-7f9dc4aeb000 rw-p 00000000 00:00 0 
7f9dc4aeb000-7f9dc4aee000 ---p 00000000 00:00 0 
7f9dc4aee000-7f9dc4bec000 rw-p 00000000 00:00 0 
7f9dc4bec000-7f9dc4bef000 ---p 00000000 00:00 0 
7f9dc4bef000-7f9dc4ced000 rw-p 00000000 00:00 0 
7f9dc4ced000-7f9dc4cf1000 r-xp 00000000 08:06 10882020                   /usr/lib/jvm/java-8-oracle/jre/lib/amd64/libdt_socket.so
7f9dc4cf1000-7f9dc4ef0000 ---p 00004000 08:06 10882020                   /usr/lib/jvm/java-8-oracle/jre/lib/amd64/libdt_socket.so
7f9dc4ef0000-7f9dc4ef1000 rw-p 00003000 08:06 10882020                   /usr/lib/jvm/java-8-oracle/jre/lib/amd64/libdt_socket.so
7f9dc4ef1000-7f9dc4ef4000 ---p 00000000 00:00 0 
7f9dc4ef4000-7f9dc4ff2000 rw-p 00000000 00:00 0 
7f9dc4ff2000-7f9dc4ff5000 ---p 00000000 00:00 0 
7f9dc4ff5000-7f9dc50f3000 rw-p 00000000 00:00 0 
7f9dc50f3000-7f9dc50f6000 ---p 00000000 00:00 0 
7f9dc50f6000-7f9dc51f4000 rw-p 00000000 00:00 0 
7f9dc51f4000-7f9dc51f5000 ---p 00000000 00:00 0 
7f9dc51f5000-7f9dc62d7000 rw-p 00000000 00:00 0 
7f9dc62d7000-7f9dc64b0000 r--s 03d24000 08:06 10759011                   /usr/lib/jvm/java-8-oracle/jre/lib/rt.jar
7f9dc64b0000-7f9dc6ba6000 rw-p 00000000 00:00 0 
7f9dc6ba6000-7f9dc6d26000 ---p 00000000 00:00 0 
7f9dc6d26000-7f9dcae8f000 rw-p 00000000 00:00 0 
7f9dcae8f000-7f9dcae90000 ---p 00000000 00:00 0 
7f9dcae90000-7f9dcaf90000 rw-p 00000000 00:00 0 
7f9dcaf90000-7f9dcaf91000 ---p 00000000 00:00 0 
7f9dcaf91000-7f9dcb091000 rw-p 00000000 00:00 0 
7f9dcb091000-7f9dcb092000 ---p 00000000 00:00 0 
7f9dcb092000-7f9dcb192000 rw-p 00000000 00:00 0 
7f9dcb192000-7f9dcb193000 ---p 00000000 00:00 0 
7f9dcb193000-7f9dcb2bd000 rw-p 00000000 00:00 0 
7f9dcb2bd000-7f9dcb524000 ---p 00000000 00:00 0 
7f9dcb524000-7f9dcb54e000 rw-p 00000000 00:00 0 
7f9dcb54e000-7f9dcb7b4000 ---p 00000000 00:00 0 
7f9dcb7b4000-7f9dcb7ca000 rw-p 00000000 00:00 0 
7f9dcb7ca000-7f9dcb8fd000 ---p 00000000 00:00 0 
7f9dcb8fd000-7f9dcb908000 rw-p 00000000 00:00 0 
7f9dcb908000-7f9dcbcbe000 ---p 00000000 00:00 0 
7f9dcbcbe000-7f9dcbf2e000 rwxp 00000000 00:00 0 
7f9dcbf2e000-7f9ddacbe000 ---p 00000000 00:00 0 
7f9ddacbe000-7f9ddacd8000 r-xp 00000000 08:06 10882646                   /usr/lib/jvm/java-8-oracle/jre/lib/amd64/libzip.so
7f9ddacd8000-7f9ddaed8000 ---p 0001a000 08:06 10882646                   /usr/lib/jvm/java-8-oracle/jre/lib/amd64/libzip.so
7f9ddaed8000-7f9ddaed9000 rw-p 0001a000 08:06 10882646                   /usr/lib/jvm/java-8-oracle/jre/lib/amd64/libzip.so
7f9ddaed9000-7f9ddaee4000 r-xp 00000000 08:06 9179662                    /lib/x86_64-linux-gnu/libnss_files-2.23.so
7f9ddaee4000-7f9ddb0e3000 ---p 0000b000 08:06 9179662                    /lib/x86_64-linux-gnu/libnss_files-2.23.so
7f9ddb0e3000-7f9ddb0e4000 r--p 0000a000 08:06 9179662                    /lib/x86_64-linux-gnu/libnss_files-2.23.so
7f9ddb0e4000-7f9ddb0e5000 rw-p 0000b000 08:06 9179662                    /lib/x86_64-linux-gnu/libnss_files-2.23.so
7f9ddb0e5000-7f9ddb0eb000 rw-p 00000000 00:00 0 
7f9ddb0eb000-7f9ddb0f6000 r-xp 00000000 08:06 9179672                    /lib/x86_64-linux-gnu/libnss_nis-2.23.so
7f9ddb0f6000-7f9ddb2f5000 ---p 0000b000 08:06 9179672                    /lib/x86_64-linux-gnu/libnss_nis-2.23.so
7f9ddb2f5000-7f9ddb2f6000 r--p 0000a000 08:06 9179672                    /lib/x86_64-linux-gnu/libnss_nis-2.23.so
7f9ddb2f6000-7f9ddb2f7000 rw-p 0000b000 08:06 9179672                    /lib/x86_64-linux-gnu/libnss_nis-2.23.so
7f9ddb2f7000-7f9ddb30d000 r-xp 00000000 08:06 9179656                    /lib/x86_64-linux-gnu/libnsl-2.23.so
7f9ddb30d000-7f9ddb50c000 ---p 00016000 08:06 9179656                    /lib/x86_64-linux-gnu/libnsl-2.23.so
7f9ddb50c000-7f9ddb50d000 r--p 00015000 08:06 9179656                    /lib/x86_64-linux-gnu/libnsl-2.23.so
7f9ddb50d000-7f9ddb50e000 rw-p 00016000 08:06 9179656                    /lib/x86_64-linux-gnu/libnsl-2.23.so
7f9ddb50e000-7f9ddb510000 rw-p 00000000 00:00 0 
7f9ddb510000-7f9ddc000000 r--p 00000000 08:06 10230635                   /usr/lib/locale/locale-archive
7f9ddc000000-7f9ddc490000 rw-p 00000000 00:00 0 
7f9ddc490000-7f9de0000000 ---p 00000000 00:00 0 
7f9de0003000-7f9de0016000 r--s 000d6000 08:06 10758980                   /usr/lib/jvm/java-8-oracle/jre/lib/plugin.jar
7f9de0016000-7f9de001e000 r-xp 00000000 08:06 9179658                    /lib/x86_64-linux-gnu/libnss_compat-2.23.so
7f9de001e000-7f9de021d000 ---p 00008000 08:06 9179658                    /lib/x86_64-linux-gnu/libnss_compat-2.23.so
7f9de021d000-7f9de021e000 r--p 00007000 08:06 9179658                    /lib/x86_64-linux-gnu/libnss_compat-2.23.so
7f9de021e000-7f9de021f000 rw-p 00008000 08:06 9179658                    /lib/x86_64-linux-gnu/libnss_compat-2.23.so
7f9de021f000-7f9de0221000 r-xp 00000000 08:06 10882021                   /usr/lib/jvm/java-8-oracle/jre/lib/amd64/libnpt.so
7f9de0221000-7f9de0421000 ---p 00002000 08:06 10882021                   /usr/lib/jvm/java-8-oracle/jre/lib/amd64/libnpt.so
7f9de0421000-7f9de0422000 rw-p 00002000 08:06 10882021                   /usr/lib/jvm/java-8-oracle/jre/lib/amd64/libnpt.so
7f9de0422000-7f9de045b000 r-xp 00000000 08:06 10882389                   /usr/lib/jvm/java-8-oracle/jre/lib/amd64/libjdwp.so
7f9de045b000-7f9de065a000 ---p 00039000 08:06 10882389                   /usr/lib/jvm/java-8-oracle/jre/lib/amd64/libjdwp.so
7f9de065a000-7f9de065c000 rw-p 00038000 08:06 10882389                   /usr/lib/jvm/java-8-oracle/jre/lib/amd64/libjdwp.so
7f9de065c000-7f9de0686000 r-xp 00000000 08:06 10882641                   /usr/lib/jvm/java-8-oracle/jre/lib/amd64/libjava.so
7f9de0686000-7f9de0886000 ---p 0002a000 08:06 10882641                   /usr/lib/jvm/java-8-oracle/jre/lib/amd64/libjava.so
7f9de0886000-7f9de0888000 rw-p 0002a000 08:06 10882641                   /usr/lib/jvm/java-8-oracle/jre/lib/amd64/libjava.so
7f9de0888000-7f9de0895000 r-xp 00000000 08:06 10882645                   /usr/lib/jvm/java-8-oracle/jre/lib/amd64/libverify.so
7f9de0895000-7f9de0a95000 ---p 0000d000 08:06 10882645                   /usr/lib/jvm/java-8-oracle/jre/lib/amd64/libverify.so
7f9de0a95000-7f9de0a97000 rw-p 0000d000 08:06 10882645                   /usr/lib/jvm/java-8-oracle/jre/lib/amd64/libverify.so
7f9de0a97000-7f9de0a9e000 r-xp 00000000 08:06 9179717                    /lib/x86_64-linux-gnu/librt-2.23.so
7f9de0a9e000-7f9de0c9d000 ---p 00007000 08:06 9179717                    /lib/x86_64-linux-gnu/librt-2.23.so
7f9de0c9d000-7f9de0c9e000 r--p 00006000 08:06 9179717                    /lib/x86_64-linux-gnu/librt-2.23.so
7f9de0c9e000-7f9de0c9f000 rw-p 00007000 08:06 9179717                    /lib/x86_64-linux-gnu/librt-2.23.so
7f9de0c9f000-7f9de0da7000 r-xp 00000000 08:06 9179633                    /lib/x86_64-linux-gnu/libm-2.23.so
7f9de0da7000-7f9de0fa6000 ---p 00108000 08:06 9179633                    /lib/x86_64-linux-gnu/libm-2.23.so
7f9de0fa6000-7f9de0fa7000 r--p 00107000 08:06 9179633                    /lib/x86_64-linux-gnu/libm-2.23.so
7f9de0fa7000-7f9de0fa8000 rw-p 00108000 08:06 9179633                    /lib/x86_64-linux-gnu/libm-2.23.so
7f9de0fa8000-7f9de1c6b000 r-xp 00000000 08:06 10882028                   /usr/lib/jvm/java-8-oracle/jre/lib/amd64/server/libjvm.so
7f9de1c6b000-7f9de1e6a000 ---p 00cc3000 08:06 10882028                   /usr/lib/jvm/java-8-oracle/jre/lib/amd64/server/libjvm.so
7f9de1e6a000-7f9de1f43000 rw-p 00cc2000 08:06 10882028                   /usr/lib/jvm/java-8-oracle/jre/lib/amd64/server/libjvm.so
7f9de1f43000-7f9de1f8e000 rw-p 00000000 00:00 0 
7f9de1f8e000-7f9de214e000 r-xp 00000000 08:06 9179563                    /lib/x86_64-linux-gnu/libc-2.23.so
7f9de214e000-7f9de234d000 ---p 001c0000 08:06 9179563                    /lib/x86_64-linux-gnu/libc-2.23.so
7f9de234d000-7f9de2351000 r--p 001bf000 08:06 9179563                    /lib/x86_64-linux-gnu/libc-2.23.so
7f9de2351000-7f9de2353000 rw-p 001c3000 08:06 9179563                    /lib/x86_64-linux-gnu/libc-2.23.so
7f9de2353000-7f9de2357000 rw-p 00000000 00:00 0 
7f9de2357000-7f9de235a000 r-xp 00000000 08:06 9179587                    /lib/x86_64-linux-gnu/libdl-2.23.so
7f9de235a000-7f9de2559000 ---p 00003000 08:06 9179587                    /lib/x86_64-linux-gnu/libdl-2.23.so
7f9de2559000-7f9de255a000 r--p 00002000 08:06 9179587                    /lib/x86_64-linux-gnu/libdl-2.23.so
7f9de255a000-7f9de255b000 rw-p 00003000 08:06 9179587                    /lib/x86_64-linux-gnu/libdl-2.23.so
7f9de255b000-7f9de2570000 r-xp 00000000 08:06 10758858                   /usr/lib/jvm/java-8-oracle/lib/amd64/jli/libjli.so
7f9de2570000-7f9de2770000 ---p 00015000 08:06 10758858                   /usr/lib/jvm/java-8-oracle/lib/amd64/jli/libjli.so
7f9de2770000-7f9de2771000 rw-p 00015000 08:06 10758858                   /usr/lib/jvm/java-8-oracle/lib/amd64/jli/libjli.so
7f9de2771000-7f9de2789000 r-xp 00000000 08:06 9179709                    /lib/x86_64-linux-gnu/libpthread-2.23.so
7f9de2789000-7f9de2988000 ---p 00018000 08:06 9179709                    /lib/x86_64-linux-gnu/libpthread-2.23.so
7f9de2988000-7f9de2989000 r--p 00017000 08:06 9179709                    /lib/x86_64-linux-gnu/libpthread-2.23.so
7f9de2989000-7f9de298a000 rw-p 00018000 08:06 9179709                    /lib/x86_64-linux-gnu/libpthread-2.23.so
7f9de298a000-7f9de298e000 rw-p 00000000 00:00 0 
7f9de298e000-7f9de29b4000 r-xp 00000000 08:06 9179535                    /lib/x86_64-linux-gnu/ld-2.23.so
7f9de29b6000-7f9de29b7000 rw-s 107499000 00:06 235                       /dev/dri/card0
7f9de29b7000-7f9de29b8000 rw-s 00000000 00:05 1417187                    /drm mm object (deleted)
7f9de29b8000-7f9de29b9000 r--s 00000000 00:2b 30                         /run/user/1000/dconf/user
7f9de29b9000-7f9de29ba000 r--s 00000000 08:06 10758962                   /usr/lib/jvm/java-8-oracle/jre/lib/management-agent.jar
7f9de29ba000-7f9de29be000 r--s 00097000 08:06 10759016                   /usr/lib/jvm/java-8-oracle/jre/lib/jsse.jar
7f9de29be000-7f9de29c0000 r--s 00007000 08:06 10759024                   /usr/lib/jvm/java-8-oracle/jre/lib/jfxswt.jar
7f9de29c0000-7f9de29ca000 r--s 0006c000 08:06 10758965                   /usr/lib/jvm/java-8-oracle/jre/lib/javaws.jar
7f9de29ca000-7f9de2a95000 rw-p 00000000 00:00 0 
7f9de2a95000-7f9de2a98000 ---p 00000000 00:00 0 
7f9de2a98000-7f9de2b9a000 rw-p 00000000 00:00 0 
7f9de2b9a000-7f9de2b9f000 r--s 00084000 08:06 10758955                   /usr/lib/jvm/java-8-oracle/jre/lib/jfr.jar
7f9de2b9f000-7f9de2ba2000 r--s 0001a000 08:06 10759022                   /usr/lib/jvm/java-8-oracle/jre/lib/jce.jar
7f9de2ba2000-7f9de2ba7000 r--s 002f9000 08:06 10759009                   /usr/lib/jvm/java-8-oracle/jre/lib/charsets.jar
7f9de2ba7000-7f9de2baf000 rw-s 00000000 08:06 14157170                   /tmp/hsperfdata_mariusz/6236
7f9de2baf000-7f9de2bb0000 rw-p 00000000 00:00 0 
7f9de2bb0000-7f9de2bb1000 r--p 00000000 00:00 0 
7f9de2bb1000-7f9de2bb3000 rw-p 00000000 00:00 0 
7f9de2bb3000-7f9de2bb4000 r--p 00025000 08:06 9179535                    /lib/x86_64-linux-gnu/ld-2.23.so
7f9de2bb4000-7f9de2bb5000 rw-p 00026000 08:06 9179535                    /lib/x86_64-linux-gnu/ld-2.23.so
7f9de2bb5000-7f9de2bb6000 rw-p 00000000 00:00 0 
7ffdb76d6000-7ffdb76f7000 rw-p 00000000 00:00 0                          [stack]
7ffdb7729000-7ffdb772b000 r--p 00000000 00:00 0                          [vvar]
7ffdb772b000-7ffdb772d000 r-xp 00000000 00:00 0                          [vdso]
ffffffffff600000-ffffffffff601000 r-xp 00000000 00:00 0                  [vsyscall]

VM Arguments:
jvm_args: -agentlib:jdwp=transport=dt_socket,address=127.0.0.1:33421,suspend=y,server=n -Dfile.encoding=UTF-8 
java_command: sample.Main1
java_class_path (initial): /usr/lib/jvm/java-8-oracle/jre/lib/charsets.jar:/usr/lib/jvm/java-8-oracle/jre/lib/deploy.jar:/usr/lib/jvm/java-8-oracle/jre/lib/ext/cldrdata.jar:/usr/lib/jvm/java-8-oracle/jre/lib/ext/dnsns.jar:/usr/lib/jvm/java-8-oracle/jre/lib/ext/jaccess.jar:/usr/lib/jvm/java-8-oracle/jre/lib/ext/jfxrt.jar:/usr/lib/jvm/java-8-oracle/jre/lib/ext/localedata.jar:/usr/lib/jvm/java-8-oracle/jre/lib/ext/nashorn.jar:/usr/lib/jvm/java-8-oracle/jre/lib/ext/sunec.jar:/usr/lib/jvm/java-8-oracle/jre/lib/ext/sunjce_provider.jar:/usr/lib/jvm/java-8-oracle/jre/lib/ext/sunpkcs11.jar:/usr/lib/jvm/java-8-oracle/jre/lib/ext/zipfs.jar:/usr/lib/jvm/java-8-oracle/jre/lib/javaws.jar:/usr/lib/jvm/java-8-oracle/jre/lib/jce.jar:/usr/lib/jvm/java-8-oracle/jre/lib/jfr.jar:/usr/lib/jvm/java-8-oracle/jre/lib/jfxswt.jar:/usr/lib/jvm/java-8-oracle/jre/lib/jsse.jar:/usr/lib/jvm/java-8-oracle/jre/lib/management-agent.jar:/usr/lib/jvm/java-8-oracle/jre/lib/plugin.jar:/usr/lib/jvm/java-8-oracle/jre/lib/resources.jar:/usr/lib/jvm/java-8-oracle/jre/lib/rt.jar:/home/mariusz/git/Project_SZI/out/production/InteligentnyWzekWidowy:/home/mariusz/Programy/idea-IU-145.597.3/lib/idea_rt.jar
Launcher Type: SUN_STANDARD

Environment Variables:
PATH=/usr/local/sbin:/usr/local/bin:/usr/sbin:/usr/bin:/sbin:/bin:/usr/games:/usr/local/games:/snap/bin
LD_LIBRARY_PATH=/home/mariusz/Programy/idea-IU-145.597.3/bin:
SHELL=/bin/bash
DISPLAY=:0

Signal Handlers:
SIGSEGV: [libjvm.so+0xabdee0], sa_mask[0]=11111111011111111101111111111110, sa_flags=SA_RESTART|SA_SIGINFO
SIGBUS: [libjvm.so+0xabdee0], sa_mask[0]=11111111011111111101111111111110, sa_flags=SA_RESTART|SA_SIGINFO
SIGFPE: [libjvm.so+0x91a580], sa_mask[0]=11111111011111111101111111111110, sa_flags=SA_RESTART|SA_SIGINFO
SIGPIPE: SIG_IGN, sa_mask[0]=00000000000010000000000000000000, sa_flags=SA_RESTART
SIGXFSZ: [libjvm.so+0x91a580], sa_mask[0]=11111111011111111101111111111110, sa_flags=SA_RESTART|SA_SIGINFO
SIGILL: [libjvm.so+0x91a580], sa_mask[0]=11111111011111111101111111111110, sa_flags=SA_RESTART|SA_SIGINFO
SIGUSR1: SIG_DFL, sa_mask[0]=00000000000000000000000000000000, sa_flags=none
SIGUSR2: [libjvm.so+0x91bbb0], sa_mask[0]=00100000000000000000000000000000, sa_flags=SA_RESTART|SA_SIGINFO
SIGHUP: [libjvm.so+0x91cfb0], sa_mask[0]=11111111011111111101111111111110, sa_flags=SA_RESTART|SA_SIGINFO
SIGINT: [libjvm.so+0x91cfb0], sa_mask[0]=11111111011111111101111111111110, sa_flags=SA_RESTART|SA_SIGINFO
SIGTERM: [libjvm.so+0x91cfb0], sa_mask[0]=11111111011111111101111111111110, sa_flags=SA_RESTART|SA_SIGINFO
SIGQUIT: [libjvm.so+0x91cfb0], sa_mask[0]=11111111011111111101111111111110, sa_flags=SA_RESTART|SA_SIGINFO


---------------  S Y S T E M  ---------------

OS:DISTRIB_ID=Ubuntu
DISTRIB_RELEASE=16.04
DISTRIB_CODENAME=xenial
DISTRIB_DESCRIPTION="Ubuntu 16.04 LTS"

uname:Linux 4.4.0-22-generic #40-Ubuntu SMP Thu May 12 22:03:46 UTC 2016 x86_64
libc:glibc 2.23 NPTL 2.23 
rlimit: STACK 8192k, CORE 0k, NPROC 31368, NOFILE 65536, AS infinity
load average:2.27 2.66 2.58

/proc/meminfo:
MemTotal:        8069032 kB
MemFree:         3396784 kB
MemAvailable:    5720504 kB
Buffers:          183108 kB
Cached:          2366928 kB
SwapCached:        17732 kB
Active:          2745636 kB
Inactive:        1697212 kB
Active(anon):    1566668 kB
Inactive(anon):   597976 kB
Active(file):    1178968 kB
Inactive(file):  1099236 kB
Unevictable:         312 kB
Mlocked:             312 kB
SwapTotal:        818172 kB
SwapFree:         464024 kB
Dirty:               124 kB
Writeback:             0 kB
AnonPages:       1887232 kB
Mapped:           252860 kB
Shmem:            271828 kB
Slab:             131564 kB
SReclaimable:      87828 kB
SUnreclaim:        43736 kB
KernelStack:       10096 kB
PageTables:        34364 kB
NFS_Unstable:          0 kB
Bounce:                0 kB
WritebackTmp:          0 kB
CommitLimit:     4852688 kB
Committed_AS:    6060640 kB
VmallocTotal:   34359738367 kB
VmallocUsed:           0 kB
VmallocChunk:          0 kB
HardwareCorrupted:     0 kB
AnonHugePages:   1214464 kB
CmaTotal:              0 kB
CmaFree:               0 kB
HugePages_Total:       0
HugePages_Free:        0
HugePages_Rsvd:        0
HugePages_Surp:        0
Hugepagesize:       2048 kB
DirectMap4k:      197376 kB
DirectMap2M:     8085504 kB
DirectMap1G:     1048576 kB


CPU:total 4 (2 cores per cpu, 2 threads per core) family 6 model 69 stepping 1, cmov, cx8, fxsr, mmx, sse, sse2, sse3, ssse3, sse4.1, sse4.2, popcnt, avx, avx2, aes, clmul, erms, lzcnt, ht, tsc, tscinvbit, bmi1, bmi2

/proc/cpuinfo:
processor	: 0
vendor_id	: GenuineIntel
cpu family	: 6
model		: 69
model name	: Intel(R) Core(TM) i7-4510U CPU @ 2.00GHz
stepping	: 1
microcode	: 0x1c
cpu MHz		: 2799.976
cache size	: 4096 KB
physical id	: 0
siblings	: 4
core id		: 0
cpu cores	: 2
apicid		: 0
initial apicid	: 0
fpu		: yes
fpu_exception	: yes
cpuid level	: 13
wp		: yes
flags		: fpu vme de pse tsc msr pae mce cx8 apic sep mtrr pge mca cmov pat pse36 clflush dts acpi mmx fxsr sse sse2 ss ht tm pbe syscall nx pdpe1gb rdtscp lm constant_tsc arch_perfmon pebs bts rep_good nopl xtopology nonstop_tsc aperfmperf eagerfpu pni pclmulqdq dtes64 monitor ds_cpl vmx est tm2 ssse3 sdbg fma cx16 xtpr pdcm pcid sse4_1 sse4_2 movbe popcnt tsc_deadline_timer aes xsave avx f16c rdrand lahf_lm abm epb tpr_shadow vnmi flexpriority ept vpid fsgsbase tsc_adjust bmi1 avx2 smep bmi2 erms invpcid xsaveopt dtherm ida arat pln pts
bugs		:
bogomips	: 5188.57
clflush size	: 64
cache_alignment	: 64
address sizes	: 39 bits physical, 48 bits virtual
power management:

processor	: 1
vendor_id	: GenuineIntel
cpu family	: 6
model		: 69
model name	: Intel(R) Core(TM) i7-4510U CPU @ 2.00GHz
stepping	: 1
microcode	: 0x1c
cpu MHz		: 2800.281
cache size	: 4096 KB
physical id	: 0
siblings	: 4
core id		: 0
cpu cores	: 2
apicid		: 1
initial apicid	: 1
fpu		: yes
fpu_exception	: yes
cpuid level	: 13
wp		: yes
flags		: fpu vme de pse tsc msr pae mce cx8 apic sep mtrr pge mca cmov pat pse36 clflush dts acpi mmx fxsr sse sse2 ss ht tm pbe syscall nx pdpe1gb rdtscp lm constant_tsc arch_perfmon pebs bts rep_good nopl xtopology nonstop_tsc aperfmperf eagerfpu pni pclmulqdq dtes64 monitor ds_cpl vmx est tm2 ssse3 sdbg fma cx16 xtpr pdcm pcid sse4_1 sse4_2 movbe popcnt tsc_deadline_timer aes xsave avx f16c rdrand lahf_lm abm epb tpr_shadow vnmi flexpriority ept vpid fsgsbase tsc_adjust bmi1 avx2 smep bmi2 erms invpcid xsaveopt dtherm ida arat pln pts
bugs		:
bogomips	: 5188.57
clflush size	: 64
cache_alignment	: 64
address sizes	: 39 bits physical, 48 bits virtual
power management:

processor	: 2
vendor_id	: GenuineIntel
cpu family	: 6
model		: 69
model name	: Intel(R) Core(TM) i7-4510U CPU @ 2.00GHz
stepping	: 1
microcode	: 0x1c
cpu MHz		: 2899.101
cache size	: 4096 KB
physical id	: 0
siblings	: 4
core id		: 1
cpu cores	: 2
apicid		: 2
initial apicid	: 2
fpu		: yes
fpu_exception	: yes
cpuid level	: 13
wp		: yes
flags		: fpu vme de pse tsc msr pae mce cx8 apic sep mtrr pge mca cmov pat pse36 clflush dts acpi mmx fxsr sse sse2 ss ht tm pbe syscall nx pdpe1gb rdtscp lm constant_tsc arch_perfmon pebs bts rep_good nopl xtopology nonstop_tsc aperfmperf eagerfpu pni pclmulqdq dtes64 monitor ds_cpl vmx est tm2 ssse3 sdbg fma cx16 xtpr pdcm pcid sse4_1 sse4_2 movbe popcnt tsc_deadline_timer aes xsave avx f16c rdrand lahf_lm abm epb tpr_shadow vnmi flexpriority ept vpid fsgsbase tsc_adjust bmi1 avx2 smep bmi2 erms invpcid xsaveopt dtherm ida arat pln pts
bugs		:
bogomips	: 5188.57
clflush size	: 64
cache_alignment	: 64
address sizes	: 39 bits physical, 48 bits virtual
power management:

processor	: 3
vendor_id	: GenuineIntel
cpu family	: 6
model		: 69
model name	: Intel(R) Core(TM) i7-4510U CPU @ 2.00GHz
stepping	: 1
microcode	: 0x1c
cpu MHz		: 2923.882
cache size	: 4096 KB
physical id	: 0
siblings	: 4
core id		: 1
cpu cores	: 2
apicid		: 3
initial apicid	: 3
fpu		: yes
fpu_exception	: yes
cpuid level	: 13
wp		: yes
flags		: fpu vme de pse tsc msr pae mce cx8 apic sep mtrr pge mca cmov pat pse36 clflush dts acpi mmx fxsr sse sse2 ss ht tm pbe syscall nx pdpe1gb rdtscp lm constant_tsc arch_perfmon pebs bts rep_good nopl xtopology nonstop_tsc aperfmperf eagerfpu pni pclmulqdq dtes64 monitor ds_cpl vmx est tm2 ssse3 sdbg fma cx16 xtpr pdcm pcid sse4_1 sse4_2 movbe popcnt tsc_deadline_timer aes xsave avx f16c rdrand lahf_lm abm epb tpr_shadow vnmi flexpriority ept vpid fsgsbase tsc_adjust bmi1 avx2 smep bmi2 erms invpcid xsaveopt dtherm ida arat pln pts
bugs		:
bogomips	: 5188.57
clflush size	: 64
cache_alignment	: 64
address sizes	: 39 bits physical, 48 bits virtual
power management:



Memory: 4k page, physical 8069032k(3396784k free), swap 818172k(464024k free)

vm_info: Java HotSpot(TM) 64-Bit Server VM (25.92-b14) for linux-amd64 JRE (1.8.0_92-b14), built on Mar 31 2016 21:08:29 by "java_re" with gcc 4.3.0 20080428 (Red Hat 4.3.0-8)

time: Sun Jun  5 19:31:18 2016
elapsed time: 629 seconds (0d 0h 10m 29s)

